    EventNumber         parName  parEnergy (MeV)        parWeight       pos_x (cm)       pos_y (cm)       pos_z (cm)               ux               uy               uz
            149         neutron         0.394208       0.00010086       -0.0185997        0.0018911        -0.408101        -0.696021         0.208038         0.687223
            149           gamma          1.20909       0.00010086       -0.0185997        0.0018911        -0.408101        -0.694213         0.219879         0.685363
           1512         neutron          3.50932      0.000107571       -0.0235304        0.0087395         0.833311        -0.235847        0.0987728         0.966757
           1731         neutron          1.65184      0.000103125       -0.0112414       -0.0225194        0.0538333         0.878378        -0.477709        0.0157006
           1763         neutron         0.434008      0.000107835      -0.00988849       -0.0235337         -0.25347        0.0386866        -0.997674       -0.0561205
           2795         neutron          2.36427      0.000101769       -0.0238383       0.00754063         0.780247         0.939717        -0.317456         0.127093
           4208         neutron          1.43645      0.000121623       -0.0217729       -0.0125974        -0.669482         0.858091          -0.4964         0.131399
           5686         neutron         0.978002      0.000130045        0.0197979       -0.0168036          0.86156        -0.415892        -0.431078         0.800753
           5914         neutron          2.10372      0.000145539        0.0247564      -0.00805844         0.156021         0.598901         -0.66267        -0.449651
           6617         neutron         0.312346      0.000110135       -0.0247599       0.00629536       -0.0157871         0.726313        -0.601972         0.331813
           6902         neutron         0.986731      0.000115103       0.00151508        0.0253619          0.71199        -0.770488        -0.625794        -0.121368
           6952           gamma          2.22767      0.000100428       -0.0141305       0.00532549         0.401378        -0.339218         0.362622        -0.868007
           7044         neutron          1.31881      0.000117341       -0.0228543       -0.0110363         0.755694         0.943501           0.2542         0.212574
           7402         neutron          1.37225      0.000146698        0.0216348        0.0156971         0.527274        -0.455008         0.890451      -0.00798926
           7853         neutron          1.85438      0.000120865        0.0204809         0.015581         0.675403        -0.701134         0.595071         0.392812
           8410         neutron         0.217473      0.000102802       -0.0250338     -6.02366e-05        -0.131066        0.0950524         0.566511         0.818554
          10153         neutron         0.170392      0.000111557        0.0242936      -0.00636602        -0.150066        -0.282809         0.652335         0.703191
          10224         neutron          3.18298      0.000131543       -0.0258865       0.00218227         0.644192        -0.952162         0.259993         0.160594
          10647         neutron         0.727988      0.000110111       0.00273609        -0.025278        -0.797432         0.326531         0.538601         0.776715
          16562           gamma          1.97289      0.000100691      -0.00619757       -0.0065525        -0.489087         -0.53414        -0.630173         0.563538
          16709         neutron          1.57207      0.000104966       -0.0244676      -0.00583461        -0.323381         0.232732        -0.693548        -0.681782
          16831         neutron           1.5162      0.000169179        0.0161573         0.020744         0.568477         -0.96256        -0.250914         0.102571
          17024         neutron          1.97126      0.000121269        0.0254418      -0.00247162        -0.441086         0.328412          0.56111         0.759803
          19641         neutron          1.31929      0.000104638       -0.0177373        -0.017745        -0.337658          0.13568        -0.165461        -0.976839
          20889         neutron          2.88038      0.000120186      -0.00902027       -0.0239821         0.297535        -0.339931          -0.9398        0.0349687
          21160         neutron            1.608      0.000125356      -0.00305446        0.0257664        -0.941366         0.405339        -0.174924         0.897275
          22456           gamma          3.01932      0.000100026       -0.0173025      -0.00909325        -0.522837         0.235991        -0.279176         0.930789
          22738         neutron         0.532878      0.000105907      -0.00618242       -0.0244624         0.567683         0.789724        -0.466638        -0.398227
          24101         neutron          1.23015      0.000110078        0.0251911      6.17767e-05         0.128965         0.416311         -0.89874        -0.137668
          24345         neutron         0.396191       0.00010418        0.0229895       -0.0101271      -0.00458611        -0.749316        -0.656961       -0.0832314
          25061         neutron         0.946212      0.000120624       -0.0129512        0.0220077        -0.972727        -0.430107        -0.682984        -0.590373
          25294         neutron           1.3305      0.000119478        0.0179033       -0.0178285        -0.292955        -0.809991         0.256456        -0.527394
          26310         neutron          1.03611      0.000120279        0.0229837         0.011226        -0.080981         0.774765          0.42867         0.464739
          26714         neutron          1.67214      0.000106844       0.00647124       -0.0242964       -0.0287457        -0.896652        -0.114983        -0.427544
          26856         neutron          2.84563       0.00010091       -0.0191004        0.0161322          0.17464        -0.855671        -0.502395         0.124203
          26919         neutron          2.18727       0.00010194        0.0249734       -0.0013875       -0.0494289         0.685409          0.68269         0.253275
          29211         neutron          2.89989      1.04132e-08       -0.0215569       -0.0128436         0.650489        -0.616046        -0.751144        -0.237211
          29631         neutron         0.378933      0.000100238       -0.0107764      -0.00532228        -0.378616        -0.875378         0.443309         0.192847
          29631         neutron         0.717581      0.000100238       -0.0107764      -0.00532228        -0.378616        -0.636359         0.437758         0.635149
          29631           gamma         0.839897      0.000100238       -0.0107764      -0.00532228        -0.378616         0.706796         -0.70675        0.0307257
          29858         neutron          1.49741      0.000115596       -0.0206887        -0.014458       -0.0308942         0.456516        -0.589529         -0.66637
          30821         neutron          1.97722      0.000101995     -0.000998162        -0.024993        -0.682807        -0.852827         -0.49993         0.150848
          31156         neutron          1.05564      0.000117069       -0.0254939      0.000792842         0.236805         0.884212         0.420851        -0.202616
          31250         neutron         0.975797      0.000115061       -0.0171322       -0.0188454         0.892738          0.79512         0.204228         -0.57103
          33067         neutron         0.354669      0.000157624       -0.0115244       -0.0235874         0.740887         -0.80561         0.222291        -0.549163
          34001         neutron         0.143932      0.000101234       -0.0085346       -0.0108026         0.204599         0.243062        -0.134721          0.96061
          34001         neutron          0.11818      0.000101234       -0.0085346       -0.0108026         0.204599        -0.541368         0.308961        -0.781962
          34001         neutron        0.0910077      0.000101234       -0.0085346       -0.0108026         0.204599        -0.994283        0.0289688         0.102773
          34001         neutron       0.00559281      0.000101234       -0.0085346       -0.0108026         0.204599       -0.0842214        -0.582491        -0.808462
          34503         neutron          2.86253      0.000124888        0.0229214        0.0114357        -0.114132        -0.963365        0.0298907         0.266524
          35474         neutron          2.66699      0.000110594       -0.0177956        0.0180243          0.92299        -0.107384         0.884171         0.454654
          36045         neutron          1.10719      1.10911e-08      -0.00806929       -0.0239905       0.00782036         0.175839        -0.831964        -0.526229
          36625         neutron          1.61069      0.000134054        0.0150658       -0.0207448        -0.634232         0.421561           0.6095        -0.671413
          36706         neutron         0.337387      0.000104624       -0.0206858        0.0142251         0.621563        -0.636689        -0.764681        0.0994462
          37034         neutron         0.948719      0.000100419        0.0186058       -0.0150033         0.692234       -0.0711737         0.173987         0.982172
          37433         neutron          1.95747      0.000108661        0.0162899       -0.0190828        -0.266473           0.4476         -0.68029         0.580396
          37742         neutron           1.9121       0.00010811        0.0127295       -0.0216095          0.58309        -0.673287        -0.729836        -0.118424
          39745           gamma          7.18567      0.000100606        0.0198806      -0.00228061        -0.210824         0.886687        -0.166441         0.431374
          41321           gamma          3.35457      0.000100184      -0.00522335       -0.0025554        0.0423127         0.661872        -0.719822        -0.209243
          43211         neutron          1.30873       0.00010328       -0.0137652        0.0209236         0.729677         0.994212          0.09642       -0.0473859
          43212         neutron          0.18098      0.000122092      -0.00744301       -0.0245978        -0.243787        -0.451569         -0.88257         0.130978
          44392           gamma          1.62448      0.000101054       -0.0070843       -0.0041194        -0.394365         0.987644        -0.080119        -0.134685
          45662         neutron         0.656685      0.000135071       -0.0143522        0.0213665         -0.43045        -0.788158        -0.582736        -0.198055
          50554           gamma          2.30157      0.000100272       -0.0125016     -0.000233905         0.921045        -0.267232        -0.690456        -0.672204
          51969         neutron           1.5389      0.000100349        0.0249743      -0.00144569          0.72235        -0.572682         -0.13313         0.808895
          52315         neutron           2.4945      0.000106433       -0.0219593        0.0123304       -0.0862174        -0.807228         0.240516         0.539013
          52774         neutron          2.24797      0.000109437       0.00511007        0.0247145        -0.158339        -0.674091        0.0837883         0.733881
          53462         neutron          1.29059      0.000109678      -0.00876643        0.0238683         0.204599        -0.590678        -0.076172        -0.803304
          54382         neutron          1.81293      0.000120509        0.0249551      -0.00531208        -0.591471         0.702244         0.675687        -0.224279
          55399         neutron         0.589231      0.000104704       -0.0249891      -0.00293117         0.766483         0.788536        -0.538171         0.297629
          55588         neutron         0.727385      0.000113981        0.0213856       -0.0136498        -0.848959        -0.762423         0.122193        -0.635437
          55756         neutron         0.106472       0.00011345       -0.0168485        0.0190952         0.618586        -0.456169        -0.109968        -0.883072
          56944         neutron         0.382506      0.000104667        0.0174934       -0.0179907        -0.197635         0.397908         0.848834        -0.348067
          58805         neutron          2.74971      0.000130847       -0.0257889       0.00125457        -0.816339        -0.634792         0.752747        -0.174387
          61535         neutron          2.48744      0.000116911        0.0247128       0.00518792         0.157282         0.172354         0.271017         0.947018
          61711           gamma          1.63864      0.000100679        0.0154803       -0.0194948          0.35043        -0.756917         0.187606         0.626003
          63861         neutron          1.27971       0.00012227       -0.0226068        0.0119913        -0.824725         0.230597         0.280695        -0.931684
          64296         neutron         0.445343      0.000100212      -0.00761538        0.0143522         0.963576       0.00488357         -0.98187        -0.189492
          65261         neutron         0.545453      0.000100321       0.00525894       -0.0110917        -0.207374         0.128312         0.531448         0.837317
          65261         neutron          0.71474      0.000100321       0.00525894       -0.0110917        -0.207374          0.75443        -0.513821         -0.40844
          65261         neutron         0.545888      0.000100321       0.00525894       -0.0110917        -0.207374         0.725091        -0.143212        -0.673598
          65327         neutron          1.30753      0.000111383       0.00304588        0.0251862         0.517067        -0.353771         0.560605         0.748711
          65417         neutron         0.704185      0.000106635       -0.0239755       0.00785445         0.392655         0.633438        -0.756941         0.160612
          66095         neutron          1.93395      0.000104021      -0.00685657        0.0241039        -0.263004        -0.767524        -0.542268        -0.341838
          66307         neutron          2.98063      0.000127212       -0.0254526       0.00179164        -0.487954         0.735087        -0.403641        -0.544721
          66664         neutron          2.12382       0.00011618        0.0193682        0.0162863        -0.151684           0.7371         -0.63765        -0.223799
          67164         neutron          1.23022      1.53266e-08        0.0035188        0.0257698         0.501167         0.366906         0.869283         -0.33125
          67630         neutron          2.12918      0.000100964         0.013975        -0.020736        -0.884107        0.0344001         0.485555         0.873529
          68256         neutron          1.36747      0.000123172      0.000387016        -0.025819         0.267243          0.69974       -0.0375274         0.713412
          70469         neutron           3.3638      0.000118031     -0.000621073        0.0253058         0.959376        0.0124789         0.551355         0.834177
          71511         neutron          2.27037      0.000133649        0.0256393      -0.00326202         0.851498         0.670181         0.168801         0.722748
          71517         neutron          2.07226      0.000119138       -0.0187428        0.0175315        -0.865458        0.0576162        -0.980807         0.186272
          73680         neutron          2.14261      0.000145041       -0.0235377       -0.0119342        -0.909429       -0.0565631         0.520178        -0.852183
          74108         neutron         0.407601      0.000100105       0.00286338       0.00858726         0.902404         0.159198          0.81888         0.551445
          74728         neutron          1.06979      0.000120356        -0.013722         0.021334        -0.186209        -0.105523         0.916563         0.385717
          78316           gamma            5.433      0.000101584       0.00675888        0.0120617        -0.828757        -0.374373         0.639045         0.671912
          78371         neutron         0.661228      0.000135944        0.0248373      -0.00493965         0.882629        -0.836435         0.110583         0.536794
          78666         neutron          0.72259       0.00012036        0.0228464       -0.0118706        0.0897054         0.209449         0.913333         0.349219
          79502         neutron         0.244821      0.000100621      -0.00117951       -0.0135672         0.982897         0.815972         0.218193        -0.535333
          81622         neutron           1.2385      0.000136749       0.00610146       -0.0252548         0.160369        -0.904082        -0.195976        -0.379776
          82118         neutron          3.02183      0.000101954       0.00562153        0.0243652        -0.240457        -0.224746         0.889944         -0.39685
          84153         neutron          1.98284      0.000121141       0.00791187        0.0238363        -0.819163        -0.779243         0.379519        -0.498743
          85838         neutron          1.09881      0.000103087       -0.0186171       -0.0167541        -0.373999         0.396335         0.672767        -0.624743
          87484         neutron          1.74356      0.000109639       -0.0231621        0.0100811         0.837296         0.399314         0.422317         0.813755
          87497         neutron         0.350924      0.000149388        0.0053474       -0.0260167        -0.196268         0.232051        -0.455941         0.859227
          88135         neutron         0.748564      0.000110771       -0.0237984       0.00907167         0.333944         0.916359         0.300954        -0.264032
          88475         neutron         0.228617      0.000120201       0.00164878        0.0253904        -0.399956         0.375638         0.568482         0.731932
          88643         neutron          1.34263      0.000131931       -0.0227706       -0.0117809        -0.759783         0.765608        -0.626143         0.147611
          89703         neutron          2.08126      0.000127978       -0.0132043         0.022166        -0.962007         0.924427         0.290136        -0.247497
          90932         neutron          3.33532      0.000105833       -0.0251118      -0.00021267        0.0556257        0.0630903        -0.243953         0.967733
          91498         neutron          1.09226      0.000119204       0.00757369       -0.0246356         0.160879        -0.492855        -0.320407         0.808971
          93302         neutron           2.6633      0.000111029       -0.0101904         0.023115         -0.17613        -0.450304        -0.818987         -0.35565
          94461         neutron           1.2772      0.000106176       -0.0222452        0.0114831        -0.511439        -0.298549         0.535372         0.790092
          94954         neutron          1.52824      1.20689e-08      -0.00687939       -0.0246266        -0.459956         0.471295        -0.228537         0.851852
          97029         neutron          2.57882      0.000118809       -0.0196078       -0.0164293         0.256564         0.128543        0.0974095         0.986908
          97910         neutron          1.95012      0.000120807       -0.0167461        0.0188938        -0.328023         0.468011          0.13738         0.872979
          97984         neutron          1.59487      1.26197e-08       -0.0179744        0.0186411        -0.855964        -0.673921        -0.429041         -0.60146
          98375         neutron          1.51824      0.000106199        0.0250679      -0.00102815         0.591254          0.96811        -0.128835         -0.21486
          98599         neutron          1.32306      0.000101787       -0.0217092        0.0124779       -0.0379202         0.756273        0.0252973         0.653767
         100839         neutron         0.719166      0.000133998        0.0171723       -0.0191699         0.972364         0.468716         0.575025        -0.670561
         105381         neutron         0.356541       0.00010088       -0.0136311        0.0111677         0.956016        -0.410852         0.907185       -0.0906435
         105381         neutron         0.448626       0.00010088       -0.0136311        0.0111677         0.956016        -0.805273        -0.534519        -0.256562
         105381         neutron         0.300854       0.00010088       -0.0136311        0.0111677         0.956016         -0.17755       -0.0793276         0.980909
         105381         neutron         0.109763       0.00010088       -0.0136311        0.0111677         0.956016       -0.0123416        -0.601848         0.798515
         105381           gamma          1.13863       0.00010088       -0.0136311        0.0111677         0.956016        -0.470947         0.135635        -0.871672
         106918         neutron           2.7615      0.000124668        0.0216374         0.013843        -0.298806         0.149557         0.784636         0.601647
         109147         neutron           1.9166      0.000140543        0.0218977       -0.0128146         0.790659        -0.907355        -0.365729        -0.207242
         109429         neutron          1.79649       0.00011346       0.00815299       -0.0241372         -0.36836        -0.190018         0.319351          0.92839
         111103         neutron         0.953832      0.000136892        0.0247122      -0.00554239         0.347625         0.204717        -0.210501         0.955919
         111919         neutron         0.573175      1.08992e-08       0.00584234       -0.0246656          -0.2426        -0.433133         0.235795         0.869941
         112023         neutron         0.107988      0.000100878       0.00371394      -0.00395955         -0.86422         0.712425        -0.689138         0.132436
         112692         neutron          3.62249      0.000116451        0.0187645       -0.0166772        -0.629767         0.279383        0.0535385        -0.958686
         113419         neutron         0.641269      0.000138789       -0.0234883       -0.0092477        -0.764954        -0.685041         0.593207         0.422877
         113964         neutron          2.23975       0.00010387        0.0240194       0.00704489        -0.249229          0.24284         0.291811         0.925135
         115689         neutron         0.919685      0.000105125       0.00511426       -0.0246274         0.199781       -0.0357584         0.580857         -0.81322
         116673         neutron          1.08128      0.000113592       0.00304401        -0.025116        -0.364157         0.543037        -0.107482         0.832802
         117161         neutron          1.85007      0.000122428      -0.00946216       -0.0231933         0.538257          0.82433        -0.510752         0.244155
         117921         neutron          2.22406      0.000154255        0.0175592        0.0199578         0.863009         0.910855         0.412595       -0.0103819
         120435         neutron          1.74844      0.000121604       0.00947582        0.0238067        -0.191231         0.788695         0.545951        -0.282662
         122404           gamma           1.3105      0.000100313       0.00192627       0.00249996        -0.130142        -0.609481       -0.0640011         0.790213
         122404           gamma           3.0218      0.000100313       0.00192627       0.00249996        -0.130142        -0.356623          0.33499        -0.872125
         122404           gamma           1.3105      0.000100313       0.00192627       0.00249996        -0.130142         0.353895        -0.167268        -0.920206
         122404           gamma           3.0218      0.000100313       0.00192627       0.00249996        -0.130142         0.824512        -0.480901         0.298186
         122404           gamma           1.3105      0.000100313       0.00192627       0.00249996        -0.130142         0.778907        -0.426386         0.459891
         122404           gamma           3.0218      0.000100313       0.00192627       0.00249996        -0.130142         0.605984        -0.455204        -0.652359
         122404           gamma            3.092      0.000100313       0.00192627       0.00249996        -0.130142        -0.375342        -0.368974         -0.85028
         123003         neutron           2.2972       1.5707e-08        0.0267964      -0.00121498         -0.13961         0.944445         0.214022        -0.249435
         124332         neutron          1.38631      0.000133186        0.0237312       -0.0101693         0.707517         0.124841        -0.896958         0.424123
         125352         neutron          1.36608      0.000123952       0.00113047       -0.0254059         0.466383         0.216256        -0.907796         -0.35936
         125729         neutron          1.78324      0.000101884         0.016813        0.0185433        -0.851595         0.223593         0.725674        -0.650694
         126793         neutron         0.612971      0.000111017        0.0226022       -0.0113731         0.528703         0.994196        0.0362837          0.10128
         127364         neutron          1.66575      0.000111487       -0.0159413       -0.0195487         0.517032        -0.439288        -0.262308         0.859198
         127714         neutron          1.15768      0.000107243        0.0251603      0.000134019       -0.0455036         0.960276        0.0146274        -0.278668
         128293         neutron         0.877125      0.000107295       0.00389305        0.0247503         -0.10435          0.47431         0.585714         0.657244
         129606         neutron         0.340248      0.000112288       -0.0172867        0.0186427         0.979363         0.198162        -0.711068        -0.674621
         132019         neutron          4.36293      0.000117175       -0.0129047       -0.0220365         0.247587        -0.444075        -0.886433         0.130512
         133550         neutron           1.7731      0.000118615       0.00969754       -0.0233387        -0.558548         0.154006        -0.624492         0.765697
         133825         neutron         0.839722      0.000118627       -0.0229775        0.0104356         0.178671         0.220141          0.12992        -0.966777
         134255         neutron         0.204443      0.000115044       -0.0171889        0.0182647        -0.458584         0.809109         0.497842        -0.312244
         135280         neutron          1.93801      0.000141751       0.00486986         0.025623        -0.735232         0.682533        -0.612933        -0.398072
         136232         neutron           1.4925      0.000106491        0.0180147        0.0177003         0.613814         0.579176         0.268991         0.769544
         137752         neutron          3.30295      0.000147396        0.0200761        0.0163988        -0.749197         0.605046        -0.632649        -0.483399
         138038         neutron         0.596356      0.000109766       -0.0243121      -0.00772038        -0.785952         0.118877         0.984431         0.129472
         138947         neutron          1.29009      0.000108627       -0.0164822       -0.0191729        -0.686978         0.750758       -0.0634106        -0.657527
         141485         neutron          3.21679      0.000115926        0.0217254       -0.0132478        -0.407958         0.292958        -0.512995         0.806853
         141645         neutron         0.965653      0.000116213        0.0158893       -0.0199507      -0.00611729        -0.637763         0.207049         0.741882
         144233         neutron          1.39375      0.000116609       -0.0033173        0.0255927        -0.903709         0.944697         0.298935        -0.134851
         144504         neutron        0.0984412      0.000101159       -0.0152145         0.014109        -0.316956        -0.394782        -0.331494        -0.856889
         146880         neutron          1.62174      0.000167786        0.0255866     -0.000234612        0.0289872        -0.775916         0.336846         0.533375
         147646         neutron           2.1078       0.00011083        0.0252417      -0.00149536        0.0861895         -0.46438         0.724701         0.509077
         147884         neutron          1.24566      0.000101948        -0.024285        0.0060961        -0.305955         0.878487        -0.351615        -0.323463
         148709         neutron          2.16204      0.000101527      -0.00281495       -0.0249033        -0.865554        -0.015141        -0.255048         -0.96681
         149999         neutron          1.89389      0.000127022       -0.0258428      0.000137367        -0.502385         0.893819         0.418584        -0.160858
         151402         neutron           1.7539      0.000102738        0.0246505      -0.00481897        -0.203406        -0.271027         0.449357        -0.851248
         151769         neutron         0.835803      0.000105561        0.0149085       -0.0202642       -0.0390932         0.516821         0.057046        -0.854191
         152062         neutron          1.80671      0.000154547       -0.0166889          0.02065        0.0644537        -0.255729        -0.931881        -0.257294
         153143         neutron         0.188124       0.00018318       -0.0136195        0.0226954         0.728538         0.558944          0.35845        -0.747727
         153303         neutron          2.13685       0.00010791        0.0238848      -0.00810612         0.744297        -0.510588        -0.694784        -0.506532
         153650         neutron         0.119905      0.000103587       -0.0081532         0.023777        -0.159907        0.0688199         0.789656        -0.609678
         154086         neutron         0.261005      0.000133049        0.0260866       0.00172833         0.741465         0.830123        -0.552597       -0.0743779
         155378         neutron          1.62293      0.000124739        0.0196022        0.0160256         0.239575          0.41115         -0.52933        -0.742136
         158136         neutron         0.711469      0.000116335        0.0250476       0.00473975        -0.544131         0.757002         -0.12258         0.641811
         158162         neutron         0.676184      0.000103093       -0.0250316     -0.000289462        -0.441417         0.281701         0.221701         0.933538
         158899         neutron         0.508163      0.000156619      -0.00396347        0.0263188         0.991673        -0.713474         0.676209         0.183564
         161315         neutron         0.761437       0.00017132       -0.0268693       0.00225314         0.296998        0.0278221        -0.471492         0.881431
         162125         neutron         0.061707      0.000126432       0.00260857        0.0259011         0.370346        -0.497823        -0.373376         0.782792
         162461         neutron         0.416702      1.13329e-08       -0.0251514      -0.00331023      -0.00899694         0.205342         0.787396        -0.581243
         162479         neutron          1.04777       0.00010659        0.0117077         0.022446         0.856362         0.954957         0.289368        0.0657516
         162967         neutron          1.84374      0.000149319        0.0222226        0.0144677          0.10518        -0.272657        -0.177872         0.945526
         162984         neutron          1.00085      0.000129594        0.0233853        0.0109533        -0.910223        -0.341034         0.555391         0.758443
         163071         neutron          2.85132      0.000116072      -0.00683036       -0.0244089        -0.260431         -0.28594         0.826182         0.485449
         163555         neutron          1.50911      0.000102761        0.0106194        0.0226492         0.534426        -0.320923         0.813125        -0.485629
         166348         neutron          1.53893      0.000119803      -0.00874409       -0.0241003         0.843457         0.214548         0.563201        -0.797981
         171995         neutron         0.386424      0.000100095      -0.00629291        0.0166394         0.602576         0.411029         0.904322         0.115136
         171995           gamma         0.873357      0.000100095      -0.00629291        0.0166394         0.602576        -0.832782       0.00801397        -0.553543
         172749         neutron          2.38101        0.0001011       0.00232048        0.0249165         0.384511         0.195924         0.833012         0.517402
         173117         neutron          1.00537      1.24566e-12        0.0177815        0.0187688        -0.641401        -0.630438        -0.172159        -0.756908
         173314         neutron          3.02951       0.00011815        0.0253763      0.000259686         0.965265        -0.527025         -0.58476        -0.616685
         174227         neutron           1.6579      0.000104272        0.0196599        0.0155025        -0.990173        -0.522033        0.0413789        -0.851921
         176463         neutron         0.341195      0.000104206        0.0249649      -0.00276949         0.645212         0.931976        -0.358314       -0.0550599
         178331         neutron          0.40432      0.000130481      -0.00331155       -0.0260216         0.176011        -0.305046         0.573524        -0.760275
         179092         neutron          1.84396      0.000112142       0.00899792       -0.0237095        -0.238391          0.93238        -0.188439         0.308477
         179868         neutron           1.8405       0.00012928        0.0188881        0.0172942         0.885048        -0.382392        -0.288141         0.877924
         180025           gamma          2.43879      1.01943e-08      -0.00888174       0.00631753        -0.874742        -0.361435        0.0504535         0.931031
         180025           gamma           8.3522      1.01943e-08      -0.00888174       0.00631753        -0.874742       -0.0724825        0.0558703         0.995804
         181584         neutron          1.47109      0.000155394        0.0151062        0.0203574         0.904092        -0.187354        0.0820476          0.97886
         182014         neutron          1.77678      0.000161409       -0.0253595       0.00566787     -0.000216493        0.0532085        -0.961401         0.269958
         182331         neutron          2.91994      1.25124e-12        0.0255499      -0.00307034        -0.986937         0.585706          0.44729        -0.675929
         182702         neutron          3.67207      0.000120208       -0.0111883        0.0229818        -0.561842       -0.0638171         0.892967         0.445575
         183291         neutron          2.14638      0.000109368        0.0243754       0.00624529        0.0549827         0.442895         0.566471          0.69495
         183348         neutron          1.86811      0.000102803      -0.00879233        0.0234419         0.381394        -0.732815         0.305724         0.607878
         183833         neutron         0.641567      0.000100116       0.00744504     -0.000848602         0.486472          0.29335         0.443153          0.84709
         183833         neutron         0.829659      0.000100116       0.00744504     -0.000848602         0.486472         0.533343         0.845354       -0.0303568
         184686         neutron          1.16487      0.000108781        0.0243939       0.00703462        -0.794842         0.594102        0.0712509         0.801228
         185630         neutron         0.867859      0.000102281        0.0233464       0.00925984         0.293798        -0.104411         0.697729        -0.708712
         186775         neutron         0.785646      0.000131891       -0.0204351       -0.0158593         0.122302         0.130319         -0.68551         0.716305
         187219         neutron          2.79431       0.00011541       -0.0182441        -0.017409          0.60139         0.832175         0.282856         0.476946
         187786         neutron         0.430849      0.000111621        0.0187219       -0.0174209         0.225881        -0.129863         0.107964        -0.985637
         188428         neutron         0.958062      0.000100632      -0.00279189        0.0248614         0.523818         0.222152        -0.751518        -0.621184
         189358         neutron          3.29609      0.000103918        0.0191042        0.0161602        -0.896227         0.366185        -0.916362        -0.161833
         189731         neutron         0.351293      0.000128108       -0.0245633      -0.00743954         0.750613         0.558422         0.647074         0.519096
         190008         neutron          1.55579      0.000110463        0.0233439       0.00924058         -0.27194        0.0765773         0.899974         0.429165
         195511         neutron         0.663583       0.00013844        0.0154693       -0.0205564         0.309972        -0.576004         0.223107        -0.786411
         195577         neutron          1.37668      0.000122925       -0.0173075       -0.0191494         0.913406        0.0309421        -0.742648        -0.668967
         195678         neutron          2.22404      0.000107109        0.0234905      -0.00911312         0.668207         0.438634        -0.448461         -0.77877
         195801         neutron          2.18644      0.000117162       -0.0253582       0.00193581      -0.00738579        -0.537291         -0.21541         0.815425
         197077         neutron          2.74079      0.000119103        0.0226496        -0.011254        -0.226005         0.700342        -0.117295         0.704104
         197122         neutron          1.13346      0.000101179       -0.0234608       0.00868298         0.471568        0.0745819        -0.879046        -0.470867
         197174         neutron          1.80568      0.000131526        0.0129777        0.0219331         0.683149        -0.721324         -0.30415         0.622241
         197296         neutron         0.522867      0.000134742        0.0208382       -0.0160026         0.578548        -0.629085        -0.185642         0.754844
         200723         neutron          1.80875       0.00012813      -0.00678394        0.0245106         0.205507        -0.762762         0.447151         0.467173
         202785         neutron          1.46184      0.000106256      -0.00386317         0.024964         0.239596        -0.510349           0.5126         0.690497
         203274         neutron          1.67278      0.000118831        0.0124977          -0.0224        -0.129156         0.247244        -0.860781          0.44489
         203452         neutron          1.67371      0.000116614      -0.00165381        0.0253696        0.0517096        -0.891839         0.378064        -0.248378
         203459         neutron          3.19591      0.000115811       0.00627347        0.0246427        0.0742221        0.0149729        -0.145992         0.989172
         203983         neutron         0.309885      0.000108627       -0.0144224         0.020558         0.301062        -0.217206        -0.135708        -0.966646
         204269         neutron          0.85772      0.000127325       0.00221184       -0.0253315         -0.42576        -0.375718        -0.892784         0.248542
         204285         neutron         0.824674      0.000126391       -0.0203855        0.0152307         0.925944       -0.0463167         0.958862         0.280067
         205697         neutron          3.48338      0.000106072       -0.0235969       0.00853965          0.73805        -0.986095         0.160812       -0.0419058
         209503         neutron         0.393674      0.000138723        -0.024479      -0.00933808        -0.771774         0.810158        -0.252847         0.528878
         209505         neutron          1.30083      0.000114432       -0.0254259      0.000460541        0.0326987         0.192555        -0.906933         0.374694
         211824         neutron           2.6699      0.000101001        -0.021595       -0.0125985        -0.381531         0.903635        0.0468458        -0.425733
         212628         neutron         0.541121      0.000102023       -0.0247151      -0.00377508         0.894372        -0.540494         0.558931        -0.628859
         213655         neutron          3.14404      0.000107293       -0.0171992         0.018232         -0.32606          0.64295        0.0826691         0.761434
         214345         neutron         0.687152      0.000125382       -0.0245135      -0.00589621          -0.1496          -0.4137        -0.887802         0.201643
         215225         neutron         0.368521       0.00017492        0.0175169        0.0199535        -0.986806        -0.643924        0.0872795         0.760095
         216738         neutron          2.57929      0.000109836       -0.0228955         -0.01065         -0.80972        -0.901882         0.429439         0.046816
         217294         neutron         0.633571      0.000150408       -0.0254662       0.00823783         0.988143        -0.634021         -0.76663         0.101471
         218996         neutron          1.45761      0.000100975      -0.00775916       -0.0237843        -0.435312        -0.177624        -0.136867         0.974534
         219265         neutron          1.65287      0.000124978       -0.0148642        0.0211607         0.082677         0.345096        -0.603867         0.718508
         219799         neutron          1.28871      0.000103341       -0.0113892        0.0224438         0.419455         0.146355         -0.40727         0.901505
         220392         neutron          1.89229      0.000112721         0.023883      -0.00842208        -0.483456        -0.180251        -0.568712        -0.802544
         222098         neutron          1.27264      0.000113957        0.0222961       -0.0121938         0.787887         0.678797        -0.655263         0.331458
         222338         neutron          3.35787       0.00012607        0.0251653      -0.00338393        -0.886131        -0.401039          0.12583         0.907378
         223007         neutron          1.25529      0.000105733      -0.00757358       -0.0240352        -0.467668        -0.941398         0.278789         0.189857
         223572         neutron         0.781184      0.000108719        0.0181813         0.017679        -0.933269       -0.0495673        -0.161011        -0.985707
         224302         neutron          1.49361      0.000117603        0.0225159        0.0119118         0.174561         0.782102        -0.623093      -0.00844782
         224831         neutron          0.96198      0.000113756       -0.0240756      -0.00756941         0.890519         0.145994        0.0921115        -0.984988
         226202         neutron          1.79697      0.000114779        0.0164492        0.0191857        -0.591653         0.279126         0.920924         0.272005
         226672         neutron         0.441197      0.000163796       -0.0215154       -0.0156933         0.561243        -0.852428       -0.0213255        -0.522409
         227376         neutron          2.30102      0.000168997      -0.00287934         0.026124         0.410243        -0.180322        -0.320024          0.93009
         227538         neutron         0.593422        0.0001006       -0.0250221      0.000398171         0.174926        -0.293659        -0.933953        -0.203705
         230820         neutron          1.15816       1.7081e-08        0.0227038       -0.0124692        -0.855038        -0.200863         0.798939        -0.566877
         231300         neutron         0.551614      0.000110435        -0.025124      0.000694348         0.772739        0.0936605         0.918282          0.38469
         231674         neutron          1.19969      0.000171783       -0.0254622      -0.00359433        -0.765964         0.552937         0.825284        -0.114744
         233516         neutron          0.40651      0.000109176        0.0069202        0.0241462         0.916251         0.744537        -0.570984        -0.345893
         234032         neutron         0.783234      0.000100028       -0.0126444        0.0208727         0.406242         0.953282         0.265582         0.143942
         234032         neutron         0.390882      0.000100028       -0.0126444        0.0208727         0.406242         0.037561         0.632106         0.773971
         234556         neutron          1.65523      0.000122341       -0.0238366      -0.00898444         0.199516         0.256219         0.965198        0.0523845
         235221         neutron          1.24339      0.000105628       -0.0220472        0.0121233         0.341469         0.238372        -0.604971          0.75973
         236705         neutron         0.328366      0.000100732       0.00161412     -0.000743166        -0.710791        0.0388879        -0.718765        -0.694164
         236985         neutron          1.63025      0.000104556         0.016039        0.0193155        -0.920604        -0.894791        0.0528156         -0.44335
         237343         neutron          2.04482      0.000171117      -0.00945844       -0.0246385         0.460065        -0.622466        -0.669782         0.404881
         237932         neutron         0.596858      0.000100007       -0.0228536      -0.00521675        -0.533143        -0.764303         0.628301         0.145183
         238316         neutron         0.184254      0.000100318        0.0179762       0.00778309         0.750261        -0.156096        -0.637469         0.754498
         238316         neutron         0.418278      0.000100318        0.0179762       0.00778309         0.750261         0.380915        -0.179194         -0.90708
         238316         neutron        0.0126468      0.000100318        0.0179762       0.00778309         0.750261        -0.159194         0.259142         0.952629
         238965         neutron         0.585105      0.000103335         0.024458       0.00542389       -0.0884116         0.880149         0.284074        -0.380316
         239708         neutron          1.75685      0.000110157         -0.01244        0.0218563         0.609819         0.571273         0.517993         0.636656
         239848         neutron          1.80029      0.000136025       0.00724865        0.0244879        -0.481518         0.579262        -0.452594         0.677948
         242679         neutron          1.34826      0.000113448        0.0235592       0.00967749        -0.380288         0.328332        -0.451603          0.82961
         243958         neutron         0.595216      0.000116532       0.00963997        0.0235753         0.522317         0.344024        -0.528507        -0.776097
         244580         neutron         0.519182      0.000149252       -0.0233877       0.00928964         0.022866        -0.869382         0.156078         0.468844
         245364         neutron         0.938012      0.000163419        0.0199442       -0.0175401         0.223405          0.30777        0.0894633         0.947245
         245996         neutron         0.764949       0.00010272        0.0181993        0.0171774       -0.0940643        -0.115172         0.884832         -0.45145
         248965         neutron          0.37365      0.000126507        0.0233754        0.0105442        -0.819763        -0.471234        -0.303496         0.828148
         249330         neutron         0.268441      0.000100052        0.0224212       0.00959393         0.390805        -0.373134         0.914762         0.154859
         249330           gamma          3.29678      0.000100052        0.0224212       0.00959393         0.390805         0.331598         0.607376         0.721898
         250073         neutron          2.36686       0.00010371       0.00327775       -0.0248436        -0.526193         0.898189        -0.210498         0.385938
         253096         neutron          1.21776      0.000106453       -0.0101847       -0.0229788        -0.432616        -0.722468         0.680604        -0.121729
         254614         neutron         0.476705      0.000119137       -0.0243787       0.00790795        -0.897765        -0.520457       -0.0360522         0.853127
         255704         neutron         0.923609      0.000116023       -0.0209872        -0.014061         0.708747         -0.62424        -0.476307        -0.619238
         256219         neutron         0.960894      0.000102774       -0.0134022       -0.0212247         0.839987        -0.943171        0.0219941         0.331579
         259247         neutron          2.12982      1.19702e-08       -0.0234293      -0.00941191         0.484472        -0.285417        -0.869168         0.403838
         261026           gamma          1.57234      0.000100722       -0.0190599      -0.00977343         0.722952         0.546594        -0.746327        -0.379777
         261373         neutron          1.65861      0.000102061        0.0211428       -0.0134979         0.806906         -0.63153        -0.753992        -0.180737
         263116         neutron         0.370529      0.000103749       0.00281086        0.0249126        -0.321259        -0.587086         0.243819         0.771934
         264274         neutron          2.54514      0.000134826       -0.0160273        0.0200841        -0.420616        -0.659799        -0.666364         -0.34731
         267320         neutron          1.03721      0.000133145        0.0139192        -0.021275        -0.996549        -0.587095         0.583169        -0.561457
         267630         neutron           3.4805      0.000108606        0.0158279       -0.0196884         0.711458        -0.382795        -0.801377        -0.459633
         269159         neutron          1.97625      1.28388e-08       -0.0241452       0.00813141        -0.103937        -0.303945        -0.574159         0.760237
         270376         neutron         0.571555      0.000113293        0.0234761      -0.00974212         0.581147        -0.521425        -0.709006        -0.474791
         271221         neutron         0.806372      0.000132666        0.0245758       -0.0076877        -0.450332        -0.559943         0.776739        -0.288341
         273586         neutron          1.52096      0.000103825        0.0206117       -0.0142816       -0.0975574         0.842854       0.00346706         0.538131
         274114         neutron          1.70805      0.000102771       0.00617052       -0.0242657         0.545477        -0.547642         0.794874         0.261274
         274132         neutron         0.831784      0.000105581          0.02358      -0.00870036         0.982325         -0.16112         0.807804        -0.567003
         274191         neutron         0.764193      0.000141836        -0.013918       -0.0224164         0.341874         0.298892        -0.752293         0.587128
         274304         neutron          1.38652      0.000125047       -0.0197358        0.0160697         0.431377        -0.851243        -0.189999         0.489168
         274972         neutron          2.29459      0.000106607        0.0142312        0.0207773        -0.107563       -0.0302753        -0.886782         0.461195
         275059         neutron          2.99374      0.000117193       -0.0252566      -0.00278115        -0.901422        0.0444253         -0.54433        -0.837694
         277054         neutron          1.03954      0.000101444        0.0178287         -0.01758         0.646953        -0.458524         0.600716         0.654901
         277093         neutron          1.35491      0.000135224       -0.0247046      -0.00733364         -0.71774         0.974428         0.110015         0.195927
         279376         neutron          2.62682      0.000104731       0.00759503        0.0238577        0.0164727        -0.149846        -0.886232        -0.438336
         279709         neutron          1.87435      0.000128222       -0.0121729       -0.0221516        -0.305158         0.535241         0.589571        -0.604916
         282694         neutron       0.00659416      0.000101645      -0.00235049      0.000757094        -0.582314        0.0272832        -0.430182         -0.90233
         282694         neutron       0.00444671      0.000101645      -0.00235049      0.000757094        -0.582314          -0.3849        -0.286858        -0.877248
         283516         neutron           1.1477      0.000108912        0.0251282      -0.00139845         0.973817       -0.0601328         -0.44674         0.892641
         283958         neutron         0.480534      0.000134233        0.0209398       -0.0154696         0.701833       -0.0280767        -0.133208          0.99069
         285253         neutron          2.28768       0.00010329       0.00984723       -0.0230684         0.497729        -0.339332        -0.414958         0.844194
         285903         neutron         0.278127       0.00010197       -0.0180769        -0.017375          0.96027        -0.939993         0.213235        -0.266354
         286389         neutron           3.4242      0.000110848        0.0226736       -0.0112079         0.758409          0.89905         0.436194       -0.0379939
         287277         neutron          3.02054      0.000110491       -0.0218883        0.0126659         0.601132        -0.887617         0.448837         0.103351
         288474         neutron          2.31652      0.000102465        0.0131714       -0.0213636         -0.77956         0.762736          0.64653       -0.0152488
         288973         neutron         0.839676       0.00014297       0.00880087       -0.0248739         0.742571         0.356102         -0.77672        -0.519516
         292416         neutron          2.79035      0.000103543       -0.0102257       -0.0228798         0.651954         0.103857         0.625902         0.772956
         295056         neutron          1.10051      0.000107284      -0.00732893       -0.0239935        -0.377863        -0.957241         0.286997        0.0363718
         296982         neutron         0.580541      0.000111321       0.00469717       -0.0246765        0.0937665        -0.288891        -0.942642         0.167239
         297360         neutron         0.401258      0.000100229       -0.0140817        0.0183823        -0.427371        -0.116812         0.702344        -0.702188
         297360         neutron         0.189465      0.000100229       -0.0140817        0.0183823        -0.427371        -0.329988        -0.930473         0.159148
         297360           gamma         0.548541      0.000100229       -0.0140817        0.0183823        -0.427371        -0.430061        -0.325609        -0.842037
         298800         neutron         0.920764      0.000200252       -0.0201396        0.0186419         0.386038         0.104432         0.833307        -0.542856
         298972         neutron          1.68805      0.000121493       -0.0156922        0.0200434        -0.706024         -0.32482         0.797868         0.507837
         299513         neutron         0.827961      0.000122739       0.00931704       -0.0239878         0.566133         0.247956         0.512252        -0.822263
         299836         neutron         0.364861      0.000118553        0.0120316        0.0226802        -0.151754        -0.186571          0.44908         0.873796
         300672         neutron          2.46021       0.00011817      -0.00524646        -0.024734        -0.331156        -0.213843        -0.941584        -0.260175
         300865           gamma          1.53022      0.000100714        0.0168259       0.00831754        -0.510961         0.252552        -0.782059        -0.569738
         301945         neutron          2.70466      0.000110897       -0.0112238        0.0226461        -0.759224         0.548297         0.151345        -0.822475
         303336         neutron          1.32396        0.0001486       -0.0199294       -0.0174627        -0.988634         0.855703        -0.285025         0.431894
         303560         neutron         0.692339      0.000118822        0.0157526        0.0199832       -0.0887864        -0.152585        -0.311047        -0.938066
         303689         neutron          2.48185      0.000113863        -0.022044        0.0126727         0.762986         0.533452        -0.766911        -0.356759
         303917         neutron          1.75126      0.000112645        0.0189838       -0.0168128        -0.803847        -0.463695        -0.603538        -0.648636
         304169         neutron          1.45943      0.000105801        0.0233247      -0.00939878         0.845861         0.714583         0.483325        -0.505735
         305030         neutron          3.04647      1.13786e-08       -0.0233595       0.00959638        -0.595278        -0.977797        -0.020722        -0.208527
         307531         neutron           1.5758      0.000101791          0.02469       0.00436417         0.901305         0.625902         0.442051         0.642525
         308468         neutron          3.05162      0.000104912        -0.025047      -0.00286373         0.867007        -0.524896         0.724648         0.446508
         309646         neutron          2.63655      0.000102706        0.0228326       -0.0102642        -0.510852         0.360438         0.930918       -0.0589574
         312322         neutron          2.29058      0.000140827       0.00300001       -0.0260674          0.90854         -0.55376        -0.728618        -0.403071
         313153         neutron         0.642038      0.000107469       -0.0245045       0.00652978         0.665999         0.737001         0.547101        -0.396875
         313633         neutron         0.495329      0.000100195       0.00143038       -0.0249695          -0.1012         0.836649       -0.0396405         0.546303
         314363         neutron           1.7469      0.000137163       -0.0250057       -0.0057442        0.0179133        -0.360135        0.0045712         0.932889
         315102         neutron          1.06258      0.000117246       -0.0128332       -0.0214973         0.267801         0.766709         -0.01692        -0.641772
         316707         neutron         0.729235      1.26898e-08       -0.0197697       -0.0166339        -0.770409         0.272305         0.448702        -0.851185
         318992         neutron          1.53836      0.000106519        0.0243701       0.00586137         0.424769        -0.307487         0.511167         0.802596
         319315         neutron         0.163619      0.000119414        0.0181986        0.0187127        -0.977579        -0.862901         0.456443        -0.216939
         321214         neutron          1.62393      0.000107567       -0.0126154        0.0217428        -0.102739         0.349841        -0.623471         -0.69921
         321745         neutron          1.46219      0.000109543      -0.00595308        0.0246951        -0.976087         0.680445         0.302942        -0.667249
         321919         neutron         0.875859      0.000116093       -0.0196112       -0.0157697        -0.175965        -0.360362         0.910611        -0.202305
         321952         neutron          3.40272      0.000134911        0.0120345       -0.0230377         0.517855         0.656691        -0.744128         0.122599
         323400         neutron          2.82947      1.40954e-08       0.00277037       -0.0259185        -0.819718       -0.0600669        -0.957011         0.283765
         323684         neutron          1.04769      1.14101e-08        0.0189736        0.0170263        -0.020382        -0.553925        -0.455188        -0.697116
         324146         neutron          1.68827      0.000151469       -0.0222688        0.0137755        -0.402124         0.657886        -0.164538        -0.734924
         324550         neutron          3.80346      0.000103544        0.0212908       -0.0131391         0.691511         0.249192         0.902803        -0.350501
         325118         neutron         0.861915      0.000179848         0.025598       -0.0053243        -0.792033      -0.00805618         0.987348        -0.158363
         325354         neutron           1.3788       0.00010868        0.0209308        0.0138335         0.421026        -0.220591       -0.0803803        -0.972049
         325453         neutron          1.59946      0.000125675      -0.00347421        0.0252087         0.875276         -0.66943         0.344404         0.658217
         326568         neutron         0.373573      0.000105556      -0.00993901        0.0229907         0.625645         0.822815         0.558889         0.103045
         327555         neutron          1.82387      0.000108627       -0.0189372        0.0166284         0.978284        -0.595258         0.542816         0.592468
         330188         neutron           3.1516      0.000106935        0.0182558        0.0171186         0.636395         0.401091        -0.520563         0.753751
         333183         neutron          1.79837       0.00010803     -0.000660922       -0.0251381        -0.250943         0.740939         0.110797          0.66237
         334419         neutron          1.38273      0.000117537      -0.00973644        0.0236008      -0.00932206        -0.603443        -0.736767         0.305009
         334546         neutron         0.719454      0.000117047        0.0169732        0.0189947        -0.578992        -0.725668         0.621618         0.294952
         335439         neutron          1.13898      0.000113191        0.0237387       0.00907428         0.766244         0.378539         0.918841        -0.111535
         335556         neutron          1.97473      0.000102894        0.0248146      -0.00331866         0.345972       -0.0592903       -0.0495233        -0.997012
         336322         neutron          2.51453      0.000116985       -0.0134045        0.0214825         0.611442         0.674823        0.0584137         0.735664
         336522         neutron          2.71046      0.000108783        0.0251249        0.0021975         0.853075         0.744186        -0.641079          0.18763
         336556         neutron          0.90114      0.000116901       -0.0161465        0.0199729        -0.683417         0.867775         0.362848        -0.339571
         338263         neutron         0.465137       0.00010926      -0.00989111       -0.0231419      -0.00579046         0.504182        -0.799342        -0.326884
         338391         neutron         0.777622       0.00010661        0.0161737          0.01915        -0.992834        -0.622519         0.675303          0.39552
         340176         neutron         0.948188      0.000144301       0.00637215        0.0254203        -0.212053         0.837892        -0.541791        0.0663334
         341669         neutron          0.11885      0.000100617       -0.0109876       -0.0172256        0.0265126         0.544932         0.441391        -0.712898
         341669         neutron         0.140327      0.000100617       -0.0109876       -0.0172256        0.0265126         0.911624        -0.358935        -0.200269
         342309         neutron         0.385695      0.000106583        0.0118864       -0.0223498         -0.87968         0.601159         0.567533         0.562595
         342730         neutron          1.26651      0.000114449        -0.025087       0.00381398         0.201857        -0.315994        -0.270431        -0.909404
         342906         neutron         0.409959      0.000113085        0.0205751       -0.0148958        -0.046733        -0.487183         0.853563         0.184615
         343496         neutron          1.66553      0.000166478        -0.016863       -0.0200297          0.07244       -0.0614777        -0.872787         0.484215
         343538         neutron          1.42316      0.000113364       0.00136365        -0.025413        -0.448705         0.845776        -0.143582        -0.513855
         343969         neutron          2.06824      0.000101616         0.023683      -0.00807368        -0.489143         0.993821        -0.110887       0.00485767
         345132         neutron          1.07439      0.000106232        -0.009689        0.0231016        -0.829862         0.343701        -0.896059         0.280976
         346617         neutron          1.27831      0.000103649        0.0244624       0.00519857        -0.673286        -0.604346         0.796395        -0.022807
         347691         neutron          1.66106      0.000147894         0.012687       -0.0228622         0.623882         0.903578        0.0243554        -0.427732
         347703         neutron         0.394501      1.53712e-08        0.0227667       -0.0140687        -0.193154         0.367246        -0.338655        -0.866281
         349388         neutron          2.91408      0.000119052        -0.022803         0.011618          -0.3155       -0.0672778        -0.230375         0.970773
         349967         neutron          1.55907       0.00014493      -0.00240326       -0.0253156         0.472708         0.505459        -0.590527        -0.629118
         351592         neutron          2.95995      0.000103906       -0.0247521      -0.00392855        -0.543592         0.572306        -0.708587        -0.412759
         351932         neutron          1.88428      0.000100144       -0.0179976       -0.0173557        -0.854235         0.281579         0.037145        -0.958819
         353906         neutron          1.32145      0.000126917      -0.00355227        0.0254377         0.542654        -0.133813         0.957522        -0.255434
         353992         neutron          2.77084      0.000132609        0.0022365        0.0259103       -0.0534465        -0.265033          0.91434        -0.306171
         357832         neutron          2.28465      0.000109963     -0.000713288       -0.0252446          0.21389        -0.648742         0.145323        -0.747004
         358118         neutron         0.905736      0.000106936        0.0211672        0.0137323         -0.90692       -0.0598586        -0.259032        -0.964012
         360492         neutron          1.24157      0.000114808        0.0255445       0.00137284       -0.0817256         0.677837        -0.642265         0.357816
         364127         neutron          1.10722      0.000165168        0.0262865      -0.00553511         0.831779        -0.534205         0.765428         0.358812
         364692         neutron          1.92825      0.000115184       -0.0253318       0.00179502        -0.619486         0.289193        -0.402255         0.868653
         366868         neutron          1.88166      0.000121941       -0.0208824        0.0139247        -0.154077         0.130575         0.708567        -0.693457
         367317         neutron          3.11608      0.000108837        0.0249994      -0.00336062        -0.259957        -0.412829        -0.267252        -0.870717
         367427         neutron         0.234413      0.000131142      -0.00450587         0.025137        -0.587547         0.115283        -0.846163        -0.520305
         367775         neutron          1.03207      1.09601e-08        0.0189778        0.0165428        -0.711168        -0.602331       -0.0423876         -0.79712
         369482         neutron         0.482749      0.000100006       0.00987899       0.00625132         0.633359        -0.983529        -0.148292         0.103345
         369482           gamma         0.949053      0.000100006       0.00987899       0.00625132         0.633359        -0.336901        -0.628098         0.701421
         371910         neutron          1.15109      0.000110104       -0.0113435        -0.022826         0.751739         0.394943        -0.866703         0.304707
         372562         neutron         0.541272      0.000108798        0.0252166      0.000153044        0.0836741        -0.912978        -0.396479        0.0963122
         372858         neutron        0.0396616      0.000100637        0.0116644      -0.00455139         0.260163        -0.257302        -0.794462        -0.550114
         372858         neutron         0.444564      0.000100637        0.0116644      -0.00455139         0.260163        -0.312673        -0.905287          0.28756
         375661         neutron         0.978908      0.000105153      -0.00577599       -0.0244574         0.701447         0.298086        -0.876835        -0.377234
         376270         neutron          1.83914      0.000116232         -0.00565         0.024895        -0.116749        -0.468832         0.749365        -0.467598
         377953         neutron          0.53542      0.000111186        0.0212707       -0.0140716        -0.807151         0.834785         0.511663         0.203311
         378887         neutron          3.52615      0.000106875      -0.00550157       -0.0246078         0.589213        -0.340061         0.764879          -0.5471
         380411         neutron         0.144287      0.000131741        -0.023596        0.0103124        -0.986346        -0.479713         0.205806        -0.852948
         381491           gamma         0.969764      0.000100121       0.00482216        0.0192257        -0.813399         0.501647        -0.708468        -0.496411
         381491           gamma         0.588766      0.000100121       0.00482216        0.0192257        -0.813399        0.0521977         0.761057         0.646582
         381784         neutron          2.24065      0.000113871        0.0102921         0.023085         0.866498         -0.57059        -0.719448        -0.396007
         384204         neutron          0.91886       0.00016686      -0.00272894       -0.0261052        -0.957885        -0.838269         0.057572         0.542209
         386688           gamma           6.3199      0.000101808      -0.00926216        0.0105984         0.135937        -0.575561       -0.0855334        -0.813273
         387436         neutron         0.594624       0.00010373        0.0100978       -0.0232562          0.31365         0.764219        -0.590139        -0.260203
         390375         neutron          1.39897      0.000116834        -0.011255       -0.0226245         0.678338        -0.555109        -0.783261         0.279921
         390521         neutron          1.79024       0.00011659        0.0255364      -0.00119389         0.440547        -0.227468         0.755444        -0.614461
         392053         neutron          1.90691      0.000166673         0.006447        0.0259169         0.563089        -0.468171        -0.301346        -0.830666
         393332         neutron          1.01576      0.000100071        -0.012027       0.00998923         0.985425         0.330399        -0.942883        0.0425287
         393332         neutron         0.538978      0.000100071        -0.012027       0.00998923         0.985425         -0.13715         0.268855        -0.953366
         393597         neutron          2.15996      0.000138176       0.00401078        0.0252916        -0.849147        -0.459929         0.852848        -0.247214
         395155         neutron          2.37656      1.05829e-08        0.0107651        0.0226636         0.549765        0.0719934         0.468607        -0.880468
         399233         neutron            2.006        0.0001504        0.0227547       -0.0125989         0.838524         0.359727         0.689243          0.62892
         399629         neutron           0.6185      0.000106821         0.019463        0.0160135         0.254655        -0.133766        -0.806536         0.575853
         400898         neutron          1.01793       0.00011446        0.0075865       -0.0242815         0.403651         0.332065        -0.189831         0.923957
         402114           gamma         0.169637      0.000100404       -0.0124359       0.00910663        -0.699529        -0.664935       -0.0956371        -0.740753
         402322         neutron          2.69223      0.000137198        0.0108178        0.0234898         -0.14581         0.814208         0.240913         -0.52823
         405139         neutron          1.70274      0.000114225        0.0114227       -0.0227677         0.915257        0.0437631        -0.738543         0.672784
         405756         neutron          2.40949      0.000148139       0.00890872       -0.0248736         0.413935        -0.023126        -0.621851        -0.782794
         405898         neutron         0.753578      0.000156463         0.012325       -0.0235757        -0.113534      -0.00828426         0.406796         0.913481
         406957         neutron          3.47354      0.000115564       -0.0221909        -0.011881        -0.271734        -0.355287         0.584749        -0.729274
         407271         neutron          1.70717      0.000134355      3.03477e-06         0.025556         0.735063        -0.770839         0.348135         0.533488
         411045         neutron          1.83786      0.000119265        0.0249182      -0.00535195        -0.382698         0.230825         -0.86497        -0.445587
         412634         neutron         0.976438      0.000135455       0.00132955        0.0258709         0.199959        -0.771625        0.0909853        -0.629537
         415535           gamma         0.431375      0.000101243      -0.00151933      -0.00257282        -0.181088        -0.650941         0.647365        -0.396477
         416635         neutron          1.40677      0.000100167        0.0215624       -0.0126574         0.433983         -0.23449         0.589955         0.772637
         417279         neutron          2.43171       0.00011299       -0.0209302        0.0138687        -0.920211         0.257294         0.964764       -0.0550424
         417517         neutron          1.25943      0.000119155       0.00922031        0.0235873        -0.468536        -0.469844         0.435731         0.767714
         419462         neutron         0.848989      0.000102313        0.0242894      -0.00639861         0.943215         0.917371        -0.372002          0.14158
         419749         neutron          1.76419       0.00010733      -0.00564477        0.0244306          0.11388        0.0281702          -0.1081        -0.993741
         422235         neutron         0.491467      0.000103736        0.0181574        0.0172388        -0.720739         0.986479         0.113289         0.118428
         422909         neutron          2.78131       0.00012162       0.00586431        0.0244578        -0.844756        -0.879483        -0.219168        -0.422462
         423921         neutron       0.00401227      0.000101507        -0.011133        0.0161991        -0.933167         0.812083        -0.583378       -0.0138388
         424142         neutron          2.11819      0.000105877      -0.00362378        0.0250488         -0.99939        -0.750694         0.569012         0.335685
         424356         neutron          1.20495      0.000122568       -0.0241103      -0.00890409          0.12773        -0.327661         0.932833        -0.149868
         425324         neutron          1.50253      0.000104765        0.0136965       -0.0209908        -0.634969        -0.925794        -0.124509         0.356936
         425755         neutron         0.512611      0.000105395        0.0185093        0.0168972         -0.53269         0.502948        -0.117913         0.856236
         426757         neutron         0.131319      1.40051e-08       -0.0198993       -0.0168236        -0.611885       -0.0917445          0.52114         0.848526
         429312         neutron          1.77906       0.00016245         0.018872       -0.0180012        0.0327687        -0.509658         0.392089         0.765842
         431100         neutron          1.21236      0.000134122        0.0103121       -0.0235549         0.211515         0.805287         0.407584        -0.430568
         433105         neutron          1.61135      0.000104236       -0.0139775       -0.0207753         0.364857        0.0764505        -0.758714        -0.646922
         435112         neutron         0.443081      0.000134696        0.0145441        0.0216347         0.494526        -0.652744         0.432444        -0.622027
         435667         neutron         0.930732      0.000108228       -0.0113443       -0.0224849         0.132895         0.541847        -0.720272          0.43314
         435962         neutron          1.18515      0.000174136        0.0242209        0.0104016        -0.764294       -0.0683334         -0.66105        -0.747224
         436358         neutron         0.660888      0.000151554       -0.0228756         0.011036        -0.493851        -0.519486          0.64175         0.564174
         437569         neutron          2.35404      0.000109098     -7.93206e-05       -0.0254136         0.165048         0.533658        -0.586626        -0.609162
         437909         neutron        0.0347661      0.000107763        0.0166755       -0.0186595         0.261729         0.747797        -0.152107         0.646269
         438271         neutron          0.79551      0.000124325       -0.0228166        -0.011246         0.395448         0.909399         0.388566         0.148359
         440404         neutron         0.685405      0.000185878      -0.00184211       -0.0269919         0.602674        -0.108476         0.485721        -0.867357
         440788         neutron         0.246883      0.000101216        0.0106707       -0.0159682         0.901716        -0.148242         0.122119         0.981382
         440788           gamma         0.685949      0.000101216        0.0106707       -0.0159682         0.901716         0.195455        -0.958517         0.207468
         442960         neutron         0.941454      0.000103048        0.0247011      -0.00442188       -0.0283351         0.672616        -0.665954         0.322632
         443008         neutron          1.68157       0.00010151       -0.0239799        0.0071999         0.197615        -0.545042        -0.576289         -0.60895
         444671         neutron          1.86618      0.000133376       -0.0117311        0.0232333        -0.722002        -0.146647         0.985001        0.0909237
         446165         neutron         0.382618      0.000129288        0.0184914       -0.0170843        -0.587793        -0.694413         0.703314         0.152115
         446770         neutron          1.07856      0.000180837        -0.025773      -0.00879116         0.138002         0.242033        -0.492701        -0.835862
         446883         neutron          1.99219      0.000112578        0.0251917       0.00320094        -0.506161         0.478699         0.144812         0.865954
         446997         neutron          1.45469      0.000121676       -0.0163289        0.0194092        0.0776411         0.609373         0.169632         0.774526
         449449         neutron         0.302764      0.000100256       -0.0246562      -0.00417509         0.408743         0.991989          0.12445       -0.0216876
         450059         neutron         0.719215      0.000104363        0.0244856       0.00518278        -0.427277         0.317472        -0.640159        -0.699577
         450349         neutron          0.55264        0.0001103       -0.0134793       -0.0216263        -0.724621         -0.76224        -0.204529        -0.614132
         450686         neutron         0.876441      0.000116174       -0.0127124       -0.0219262        -0.186252        -0.862935        0.0383634        -0.503857
         450687         neutron         0.263162      0.000140013       0.00651494       -0.0247259         0.309499        -0.859572         0.232104        -0.455262
         451000         neutron          4.53155      0.000106364         0.025113      -0.00138313        -0.678725         0.966946       -0.0592811        -0.247995
         452738         neutron         0.869605       0.00010328        0.0128657       -0.0214716        -0.967217         0.078061        -0.426419         0.901151
         452817         neutron          0.51309      0.000106161        0.0200795       -0.0150418         0.826976         0.205882         0.531544         0.821628
         453631         neutron          2.52339      0.000113756      -0.00319794       -0.0249216        -0.952596        -0.391746        -0.757323        -0.522491
         454617         neutron           1.2476       0.00011318       0.00598927        0.0244611         0.372942         0.725532         0.091694         0.682053
         455049         neutron          0.88414      0.000102958       0.00370068        0.0247513         0.204896         0.866888         0.199428         0.456875
         455471         neutron         0.478888      0.000100038        0.0115376        0.0221788         0.660104         0.823024        -0.334558         0.459024
         455796         neutron          2.13111      0.000135418       -0.0250049        -0.004597         0.979284        -0.609856         0.331985         0.719626
         456343         neutron          1.21252       0.00012441       0.00756432        0.0241224        -0.224133       -0.0693781        -0.994742       -0.0753365
         457059         neutron          2.17453      0.000121873       -0.0145499       -0.0205337         0.924917        0.0170589        -0.888226         -0.45909
         457437         neutron          1.13627      0.000111817        -0.025058       0.00222657        0.0885375        0.0265134        0.0633855        -0.997637
         457963         neutron        0.0546278       0.00010123        0.0022003       -0.0224416        -0.332298        -0.730502         0.392538         0.558821
         457963         neutron        0.0768595       0.00010123        0.0022003       -0.0224416        -0.332298         -0.15736         0.871648         0.464185
         459652         neutron          1.17388      0.000101026      -0.00359231        0.0247542        -0.901122        -0.156023       -0.0864114         0.983966
         460463         neutron          2.50345      0.000152472       -0.0250806       0.00856411        -0.192938        -0.639695         0.299331        -0.707948
         462721         neutron          1.51761      0.000121401      -0.00809615       -0.0240227         0.315497         0.264998        -0.950381        -0.162947
         463499         neutron          1.11335      0.000106583       -0.0149799       -0.0200792        -0.653806        -0.906293         0.244823        -0.344522
         464626         neutron          1.10346      0.000113796        0.0162027       -0.0195127         0.801976        -0.573798        -0.606177        -0.550732
         464664         neutron            1.881      0.000114682       -0.0169154        -0.019279         0.121806        -0.114549         -0.96344         0.242201
         464696         neutron         0.968263      0.000109632       -0.0139253       -0.0210383         -0.43204        -0.946687        -0.208953         0.245198
         464913         neutron          2.49947      0.000109873        0.0143636        0.0208324        -0.990923        -0.206837        -0.178065        -0.962035
         467695         neutron          1.47077      0.000102112       -0.0157516       -0.0195014         0.819629         0.365189        -0.320354        -0.874077
         468092         neutron          0.31602      0.000100473       -0.0077392       -0.0219511        -0.466461         -0.76519         0.442219         0.467896
         468092         neutron        0.0377547      0.000100473       -0.0077392       -0.0219511        -0.466461         -0.64084          0.21275        -0.737606
         468092           gamma         0.762856      0.000100473       -0.0077392       -0.0219511        -0.466461        -0.526919       0.00394758        -0.849906
         468276           gamma          0.59873      0.000100417        0.0156414       -0.0178628        -0.167428         0.306843        0.0267566         0.951384
         469350         neutron         0.712503      0.000116776       0.00130187       -0.0256031        -0.105554        -0.012532          0.47409        -0.880387
         470116         neutron          1.76732      0.000102664        -0.025015       0.00104797        -0.357425        -0.356875        -0.617466        -0.700982
         470341         neutron         0.255662      0.000110384        0.0114421       -0.0224475       -0.0605229          0.29096         0.874324         0.388459
         470725         neutron         0.847882      0.000107761      -0.00345293        -0.025072        -0.184252         0.382728         0.919722        0.0873547
         471255         neutron          3.40333      0.000102323       -0.0206525        0.0141415        -0.438657       -0.0905826        -0.034067        -0.995306
         471274         neutron           0.2171      0.000100611        0.0105113        0.0227319         0.679855        -0.857485          0.49576         0.137626
         472992         neutron           1.7169      0.000128921          0.01528       -0.0207044        -0.956605        -0.306339         0.918473        -0.250129
         473162         neutron        0.0981753      0.000100671       -0.0192302      -0.00704122        -0.236756        -0.204603        -0.107729         0.972899
         473162         neutron         0.504933      0.000100671       -0.0192302      -0.00704122        -0.236756        -0.475851         0.461567         -0.74868
         473162         neutron         0.331364      0.000100671       -0.0192302      -0.00704122        -0.236756        -0.670236         0.742105      -0.00803853
         473162           gamma         0.335787      0.000100671       -0.0192302      -0.00704122        -0.236756        -0.226881        -0.936631        -0.266921
         473201         neutron         0.899671      0.000122618      -0.00692639       -0.0246861        -0.968708        -0.675603        -0.487975         0.552667
         476030         neutron          1.03865      1.29283e-08       -0.0120051       -0.0229342          0.92936        -0.736234        0.0611079         0.673963
         478198         neutron           1.1258      0.000117222        0.0249985      -0.00544749        -0.778879         0.485691        -0.212722        -0.847852
         480014         neutron          1.44194      1.57497e-08        0.0256578       0.00197646         0.871079        -0.173606         0.879549         0.443006
         480531         neutron          0.51336      0.000100659       -0.0103053       0.00325868       -0.0828372        -0.543688        -0.549219         0.634636
         480531           gamma         0.746073      0.000100659       -0.0103053       0.00325868       -0.0828372         0.581797         0.715639        -0.386487
         480775         neutron          2.51944      0.000106849        -0.014805       -0.0202939        -0.330186       -0.0788732        -0.994536        0.0683863
         482662         neutron          2.20683      0.000112934        -0.025099      0.000250062         0.101595       -0.0968169        -0.966578         0.237387
         483216         neutron         0.332103      0.000149276       -0.0253288      -0.00547294      -0.00279096        -0.969824         0.242296        0.0271063
         484416         neutron          1.46336       0.00012137       0.00641494        0.0244871         0.926874         0.609064        -0.317776         0.726677
         484674         neutron          1.38812      0.000103824        0.0204953         0.014581        -0.653768        -0.821037        -0.183003         0.540748
         484721         neutron          2.43397      0.000110316        0.0232231       0.00993292         0.122636         0.778811         0.352075         -0.51913
         486890         neutron         0.697943      0.000116047        0.0227143        0.0112885        -0.619899         0.937416         0.181181        -0.297363
         488152         neutron          2.27024      0.000152043       -0.0132795       -0.0230052         0.396424        -0.395184         0.580962        -0.711556
         488231         neutron           2.4007       0.00010352       -0.0228814       -0.0101651         -0.80609        0.0886277        -0.495487         0.864082
         488777         neutron        0.0740377      0.000107343       -0.0148846        0.0202729         0.164733       -0.0658488        -0.850929         0.521137
         491245           gamma          3.06402      0.000100221        0.0155568       -0.0171548         0.819732         0.519694        -0.835395        -0.178979
         491245           gamma          2.13836      0.000100221        0.0155568       -0.0171548         0.819732        -0.810405        -0.568674        -0.140903
         491812         neutron          1.95987      0.000110367        0.0162716        0.0196376         0.540871         0.472093         0.653609         0.591543
         492720         neutron          2.58382      0.000105003        0.0250555       0.00117859        -0.315927        -0.928587        -0.159902        -0.334898
         492818         neutron          2.93213      0.000120176       -0.0169866       -0.0191933         0.536259        -0.907824        0.0306228         0.418232
         494086         neutron         0.193462      0.000100741       -0.0104049       0.00885042       -0.0897132        -0.481247        -0.618027        -0.621646
         494086           gamma         0.491679      0.000100741       -0.0104049       0.00885042       -0.0897132        -0.454442       -0.0202378         0.890546
         494086           gamma         0.940517      0.000100741       -0.0104049       0.00885042       -0.0897132       -0.0893776        -0.976379         0.196713
         496860         neutron         0.143136      0.000115881       -0.0253375       0.00159109         0.136215         0.343788        -0.906648        -0.244538
         497703         neutron          0.88492      0.000116335        0.0221646       -0.0128926        -0.180259         0.699629         0.668698         -0.25172
         497930         neutron          1.44215      0.000100213        -0.017863        0.0175042         0.674297         -0.84103        -0.494083         0.220342
         499578         neutron          2.36802       0.00012012        0.0250773       0.00488875         0.186238         0.788231        -0.186969          0.58629
         499654         neutron          1.76551       0.00012072       0.00985581        0.0234063         0.550199        -0.922818        -0.144591         0.357071
