    EventNumber         parName  parEnergy (MeV)        parWeight       pos_x (cm)       pos_y (cm)       pos_z (cm)               ux               uy               uz
            848           gamma          1.48926      0.000102193       -0.0444029        -0.809527        0.0233883        -0.262511        -0.392362         0.881555
           2922           gamma         0.722828      0.000102463          2.03359        0.0265603         0.017274         0.475049         0.761469        -0.441015
           2922           gamma         0.472211      0.000102463          2.03359        0.0265603         0.017274        -0.483374         0.821335         0.302916
           3100         neutron         0.180601      0.000100887         -1.41875          2.11127        0.0158349          0.22921         0.769581        -0.595993
           4438           gamma           6.4628      0.000102211          1.91313         0.310804        0.0249403        -0.939796        -0.209097         0.270299
           7381         neutron         0.527788      0.000100087         0.538601            1.447         0.023772        -0.986909       -0.0821391        -0.138796
           8166           gamma            2.554      0.000101354          2.22212         -1.18774        0.0310347        -0.924594        -0.379988        0.0271122
          11438         neutron         0.230683      0.000102922        0.0598033         -1.38184        0.0216382         0.343299       -0.0932979         0.934581
          11479         neutron          2.13406      0.000108857         -1.69161          -1.1175        0.0502145      -0.00281856        -0.993013        -0.117971
          11479         neutron          1.96551      0.000108857         -1.69161          -1.1175        0.0502145        -0.892651         -0.44289        0.0837981
          11479           gamma          2.16046      0.000108857         -1.69161          -1.1175        0.0502145         0.314864         0.493751        -0.810599
          11569         neutron         0.683512      0.000105319          2.14226         -1.63127        0.0026742        -0.059842         0.381477         0.922439
          11569           gamma         0.688313      0.000105319          2.14226         -1.63127        0.0026742        -0.272819           0.2513         0.928665
          12180         neutron          1.93693      0.000103031          2.02647          -1.0032       0.00387326         0.584843        -0.315424        -0.747306
          12180           gamma         0.858654      0.000103031          2.02647          -1.0032       0.00387326        -0.292101        -0.922429         0.252589
          12180           gamma          0.82911      0.000103031          2.02647          -1.0032       0.00387326         0.371716         0.864784         0.337604
          12898           gamma          2.52417      0.000102144          -1.2322          2.37554        0.0473478         0.967051        -0.226804         0.115639
          22788         neutron          1.28968      0.000107972        -0.207729          -1.8676        0.0500321          0.83153         0.305076         0.464205
          23108         neutron        0.0831437      0.000106291         -2.15699          1.74453        0.0512051        -0.707946        -0.537773         0.457835
          23108         neutron           2.0202      0.000106291         -2.15699          1.74453        0.0512051         0.411697         0.900089        -0.142638
          23981         neutron         0.464891      0.000103312        -0.305242          1.55293        0.0129886        -0.696564         0.664704         0.270124
          23981           gamma         0.674925      0.000103312        -0.305242          1.55293        0.0129886        -0.306866         0.845674         0.436656
          24778           gamma          1.32204      0.000107803         -2.48694        -0.568211       0.00467114         0.703716        -0.688143        -0.176756
          24912           gamma          2.75023       0.00010012        -0.674563         0.106147        0.0232815         0.293558         0.726666         0.621112
          27366         neutron          1.33893      0.000101053          0.18596         -1.93486        0.0327388         0.571763        -0.580946           0.5793
          27366         neutron          1.49111      0.000101053          0.18596         -1.93486        0.0327388       -0.0975419        -0.918568        -0.383039
          27366           gamma          1.15565      0.000101053          0.18596         -1.93486        0.0327388        0.0939184        -0.175803         0.979935
          27366           gamma         0.516599      0.000101053          0.18596         -1.93486        0.0327388        -0.625291         0.530609         0.572246
          30066           gamma         0.517639      0.000100981          1.83516         -2.46896        0.0349846         -0.62875        -0.772247       -0.0911517
          30302           gamma          2.08675      0.000102217        -0.352814          2.01411        0.0360032      -0.00597883        -0.999974      -0.00410766
          30478         neutron         0.171084       0.00010116         0.501272         0.393654       0.00421453        -0.271828         0.772785         -0.57351
          32331         neutron         0.685407      0.000100052          1.40795          2.34934        0.0120403         0.234227         0.201638         0.951041
          33310         neutron         0.365346      0.000101123         0.541269         0.508572        0.0105428        -0.668604          0.71165        -0.215693
          33547           gamma         0.727741      1.02841e-08          2.35611          2.03121        0.0225384        -0.579889        -0.220299        -0.784345
          39183           gamma          1.29059      0.000103098         -1.86306     -0.000342036         0.021699         0.982113        -0.153931        -0.108443
          39488         neutron         0.341387      0.000102324        -0.527979         -1.46458       0.00507951       -0.0616375         0.707502         0.704019
          39488         neutron          1.73493      0.000102324        -0.527979         -1.46458       0.00507951        -0.410956         0.906886       -0.0931228
          43934         neutron         0.311248      0.000100028        -0.543298        -0.317538       0.00879153         0.030121        -0.459202        -0.887821
          44795           gamma         0.642198      0.000100004          1.54668         -1.60147       0.00597581         0.474698         0.696668         0.537881
          44795           gamma          1.38054      0.000100004          1.54668         -1.60147       0.00597581        -0.410943         -0.22693         0.882966
          52116         neutron         0.225615      0.000101338          2.13348        -0.457858        0.0253763        -0.749113        -0.452296        -0.484001
          52468           gamma          2.06879      0.000102351         -1.48474          2.11076        0.0167464        -0.284046         -0.63057        -0.722288
          52936         neutron          1.03558      0.000102677         -2.04311         0.734684        0.0194315         0.354311         -0.19311        -0.914971
          53468         neutron         0.276781      0.000102915          -1.7254         -2.19954        0.0266073        -0.593387        -0.136183         0.793313
          53468         neutron         0.533579      0.000102915          -1.7254         -2.19954        0.0266073           0.9587        -0.271562       -0.0845461
          53468         neutron          0.46778      0.000102915          -1.7254         -2.19954        0.0266073        -0.387367        -0.215329         0.896426
          53643           gamma          5.84785      0.000107711          1.14329          2.37732       0.00835922         0.888281         0.301501        -0.346489
          53643           gamma          3.91681      0.000107711          1.14329          2.37732       0.00835922        -0.114244        -0.714158        -0.690599
          53841         neutron          1.38915       0.00010365          1.09065        -0.473883        0.0480476         0.750938        -0.267746         0.603659
          53841         neutron         0.774367       0.00010365          1.09065        -0.473883        0.0480476        -0.525899         0.837314        -0.149449
          57387         neutron         0.873665      0.000102557         -2.40743          1.04205        0.0410549         0.794978       -0.0131138         0.606496
          57387         neutron         0.601568      0.000102557         -2.40743          1.04205        0.0410549         0.459116        -0.327489        -0.825811
          57387         neutron          1.58203      0.000102557         -2.40743          1.04205        0.0410549        -0.594157        -0.648216        -0.476229
          58916         neutron         0.292465      0.000100059         0.637952          -1.2334         0.011764          0.49628        -0.625399         0.602148
          59430           gamma         0.352682      0.000100224           -1.544        -0.231867        0.0170773         0.159618          0.43962        -0.883887
          59968           gamma          1.94395      0.000100038         -1.76919          2.14148        0.0447659        -0.786123        -0.109903         0.608221
          60417           gamma          2.74861      0.000105615         -1.05101         -1.95307        0.0215744         0.255619         0.842162        -0.474787
          61348           gamma         0.748185      0.000103767        -0.640285          2.14846        0.0127606         -0.66775        -0.703994         0.241871
          63166           gamma         0.964726      0.000101595         -1.02257         -2.45667        0.0247861        -0.453266         0.525214         0.720209
          66765         neutron         0.558649      0.000104455         -1.87299        -0.224177       0.00352758          0.61007        -0.254632        -0.750318
          66765         neutron          1.17661      0.000104455         -1.87299        -0.224177       0.00352758        -0.210751        -0.745203         0.632658
          66765         neutron          1.00189      0.000104455         -1.87299        -0.224177       0.00352758        -0.921606        -0.275026        -0.273868
          66765           gamma          3.16415      0.000104455         -1.87299        -0.224177       0.00352758        -0.136319      -0.00492342         0.990653
          66899           gamma         0.533189       0.00010105          1.45201         0.711147        0.0351564         0.201987        -0.222844         0.953699
          70998           gamma         0.177904      0.000103394         -0.82683          1.68096        0.0203801         0.265742         -0.80325        -0.533076
          70998           gamma         0.940039      0.000103394         -0.82683          1.68096        0.0203801        -0.771756         0.108443        -0.626604
          71450         neutron          1.11026      0.000104575         -1.64838       -0.0902601        0.0199886         0.775317         -0.12031         0.620008
          71651         neutron           1.4826      0.000101559        -0.360879      -0.00288969        0.0422667        0.0463605        -0.981008        -0.188346
          72208         neutron          1.88684      0.000120657         -1.28589         -2.27918        0.0506836         0.298029         0.894093         -0.33433
          72760           gamma         0.441575      0.000100102          2.06709          2.45321        0.0271529        -0.410228         0.895066        -0.174845
          72760           gamma          5.07066      0.000100102          2.06709          2.45321        0.0271529         -0.48487        -0.783872        -0.387872
          73056         neutron          1.96809      0.000100491        -0.678956         -0.20419        0.0327784         0.846246        -0.156867        -0.509176
          73056         neutron         0.998836      0.000100491        -0.678956         -0.20419        0.0327784         0.668545         -0.31972         0.671436
          73056           gamma          0.33999      0.000100491        -0.678956         -0.20419        0.0327784        -0.481561         0.350297        -0.803363
          74728           gamma          2.02301      0.000102969        -0.680374         -1.69976        0.0334854        -0.738688         0.598408         -0.31024
          74728           gamma          4.32501      0.000102969        -0.680374         -1.69976        0.0334854         0.802257        -0.451679        -0.390346
          74797         neutron          2.08321      0.000117951         -2.50052          2.24293         0.049342         0.453665        -0.890811       -0.0253832
          74797         neutron         0.287625      0.000117951         -2.50052          2.24293         0.049342        -0.810403        -0.541801         0.222933
          74797         neutron         0.669494      0.000117951         -2.50052          2.24293         0.049342        -0.735204        -0.643498         0.213036
          74797           gamma          2.19232      0.000117951         -2.50052          2.24293         0.049342         0.584224         0.520575         0.622643
          82754           gamma          2.28487      0.000101954         -1.45787         0.751056        0.0361206        -0.881325        -0.110471        -0.459414
          89354         neutron        0.0359474      0.000102541          2.24073         -2.40219        0.0329469        -0.661309         0.221382        -0.716701
          89354           gamma           1.3105      0.000102541          2.24073         -2.40219        0.0329469        -0.893389         0.408591         0.186838
          89354           gamma           3.0218      0.000102541          2.24073         -2.40219        0.0329469         0.237731        -0.363464         0.900765
          89354           gamma           1.3105      0.000102541          2.24073         -2.40219        0.0329469      -0.00515952         0.501453        -0.865169
          89354           gamma           3.0218      0.000102541          2.24073         -2.40219        0.0329469          0.29175          0.63357         0.716569
          89354           gamma           1.3105      0.000102541          2.24073         -2.40219        0.0329469         0.601474        -0.592874         0.535471
          89354           gamma           3.0218      0.000102541          2.24073         -2.40219        0.0329469         0.121463        -0.991185        0.0529085
          89354           gamma            0.475      0.000102541          2.24073         -2.40219        0.0329469         0.347419         0.837136         0.422496
          89354           gamma            3.471      0.000102541          2.24073         -2.40219        0.0329469        -0.195851        -0.667924         0.717997
          90217         neutron         0.352305      0.000100523        -0.484748         -1.16126        0.0459196         0.768795         0.537053         0.347173
          90932           gamma           1.3594      0.000103069          1.05717         0.500492        0.0156519        0.0102081         0.201451        -0.979445
          92063         neutron         0.233285      0.000100399         -1.75424          -1.4697        0.0148473       -0.0419767        -0.556916        -0.829507
          92311         neutron           1.9001      0.000102034          1.82626         -1.41898        0.0214901         0.254864        -0.920681         0.295619
          92470         neutron         0.395218      0.000100363         -1.22889       -0.0372357       0.00873139         0.294051        -0.924072        -0.244181
          92470           gamma          3.46865      0.000100363         -1.22889       -0.0372357       0.00873139       -0.0636293        -0.211399        -0.975326
          92969           gamma         0.600156      0.000103961         -1.53542          1.67651        0.0435741         0.686064         -0.34208         0.642104
          95269           gamma          4.20948      0.000108374          1.03187         -1.05966        0.0503402        -0.869252         0.133823        -0.475912
          96263           gamma          2.13284      0.000106935          1.29237          1.70804       0.00840507        -0.165167         0.674563         0.719503
          97452         neutron         0.958157      0.000106545        -0.874105           1.8349        0.0344906        -0.998396       -0.0474949       -0.0308266
          97452         neutron         0.416474      0.000106545        -0.874105           1.8349        0.0344906        -0.622976        -0.530751         0.574634
          98503         neutron         0.163121      0.000100036         -1.10331         -1.02472       0.00614942         0.899425         0.147466         0.411447
          98503         neutron         0.201025      0.000100036         -1.10331         -1.02472       0.00614942         0.714327         0.481205         0.508113
          98503         neutron         0.245642      0.000100036         -1.10331         -1.02472       0.00614942         0.324436         0.550732         0.769049
         100221           gamma          1.46134      0.000103383         0.704865         0.380173        0.0382478         0.327387         0.843863         0.425103
         100715         neutron         0.450828      0.000100754        -0.299611          1.93325        0.0383279          0.62867         0.526548        -0.572295
         100715           gamma          2.48361      0.000100754        -0.299611          1.93325        0.0383279        -0.238696         0.949948          0.20155
         100722         neutron         0.040681      0.000100871        -0.401953          0.36804       0.00797765        -0.102776         0.856078         0.506525
         101745           gamma         0.537822      0.000100156         0.121832       -0.0603055        0.0481719         0.962312         0.126029        -0.240981
         102740         neutron         0.887119      0.000114962          1.49354          2.42542        0.0502881        -0.421552       -0.0634922        -0.904579
         103241         neutron         0.707381        0.0001011        -0.544849           1.8209       0.00910769         0.300178        -0.689072        -0.659601
         103241           gamma           1.4625        0.0001011        -0.544849           1.8209       0.00910769         0.729314         0.639294         0.243732
         103241           gamma          1.46576        0.0001011        -0.544849           1.8209       0.00910769        -0.378189        -0.915957         0.134148
         111740         neutron          0.99413      0.000101694         -2.19081         0.998549        0.0168517         0.574584         0.313149        -0.756169
         111740         neutron           0.5066      0.000101694         -2.19081         0.998549        0.0168517          0.44032         0.795463         -0.41636
         111740           gamma         0.964317      0.000101694         -2.19081         0.998549        0.0168517        -0.428693         0.771464         0.470175
         111836         neutron         0.184504      0.000100563          2.38881         0.270915        0.0384589        -0.977691        0.0954436        -0.187114
         113880           gamma         0.600489      0.000101717         0.489163        -0.228235        0.0415984        -0.788662         0.132003          0.60049
         114622         neutron         0.189346      0.000107238          2.40158        -0.645946        0.0295532         0.951653         0.213995         0.220367
         119711         neutron          1.80318      0.000105666         -2.44928          1.19247        0.0164938          0.17056         0.457443        -0.872729
         119711           gamma         0.301259      0.000105666         -2.44928          1.19247        0.0164938         0.145382        -0.576352        -0.804166
         119749         neutron         0.284405      0.000105977          2.21822          2.43343        0.0111283        -0.909265        -0.173443        -0.378359
         119749         neutron         0.732851      0.000105977          2.21822          2.43343        0.0111283         0.234409         0.801444        -0.550218
         119749           gamma          5.43764      0.000105977          2.21822          2.43343        0.0111283         0.993104        0.0695792       -0.0943603
         119749           gamma          1.00811      0.000105977          2.21822          2.43343        0.0111283        -0.995999       -0.0890451        0.0075885
         119889           gamma         0.322637      0.000100575           1.2986        -0.800982        0.0343433        -0.950813        -0.264358        -0.161459
         121142           gamma          2.73417      0.000101293         -2.32556         -1.66906         0.017544        -0.514768        -0.612166         0.600222
         122222         neutron        0.0191658      0.000105133          1.36509         0.508251       0.00609322        -0.339014        -0.626656         0.701692
         123347         neutron        0.0181725      0.000104176          2.44698          1.95512        0.0149208        -0.255397         0.479859         -0.83935
         126722         neutron          1.07355      0.000100968         -1.36391        -0.737568        0.0325261       -0.0317611        0.0986724        -0.994613
         126974         neutron         0.172036      0.000101125         0.994447          1.59709        0.0436942          0.45897        -0.855593         -0.23939
         127517         neutron          1.53133      0.000101307        -0.223531          0.14857        0.0425945        -0.725846        -0.385257        -0.569847
         130878         neutron         0.212213      0.000102345         -2.25089         -1.48465       0.00114914         -0.90189         0.296068        -0.314543
         131156         neutron          1.36943      0.000100198         0.768057         -1.97863          0.01017        -0.439761        -0.876474         -0.19597
         131156         neutron         0.701677      0.000100198         0.768057         -1.97863          0.01017         0.246173       -0.0582197        -0.967476
         131156         neutron         0.959801      0.000100198         0.768057         -1.97863          0.01017         0.849988        -0.431443         0.302286
         131156           gamma         0.556405      0.000100198         0.768057         -1.97863          0.01017        -0.628228        -0.518702         0.579894
         134353         neutron          2.67648      0.000110726          -1.8125         0.972388        0.0502116         0.202391         0.972946          0.11142
         134967         neutron         0.168671      0.000102255         0.977641         -1.74965         0.019918          0.28237         0.522446          0.80456
         134967         neutron          1.01381      0.000102255         0.977641         -1.74965         0.019918         0.471868         -0.66323         0.580919
         135282           gamma          1.22279        1.043e-08          1.56833        -0.409373        0.0279927         0.351314         0.780146          0.51764
         136796           gamma          2.44911      0.000102661         -2.35554         -1.98988        0.0411855         -0.49999         0.815405         0.291762
         137211           gamma         0.838382      0.000106637          1.71311         -1.90608        0.0452642         0.536528         0.236523        -0.810058
         137225           gamma          2.30824      0.000101828        -0.697096          1.91111        0.0432387        -0.748546       -0.0493453        -0.661244
         137630         neutron          2.32421      1.34142e-08         -1.18216        -0.411282        0.0514278       -0.0685309        0.0130251         0.997564
         137630         neutron          2.13207      1.34142e-08         -1.18216        -0.411282        0.0514278         0.342413         0.877832          0.33491
         137630           gamma          2.87939      1.34142e-08         -1.18216        -0.411282        0.0514278        -0.964577         0.153147         0.214795
         138725         neutron          1.16923      0.000112056          1.00985         -1.60246         0.050463        0.0441536         0.823784        -0.565182
         138947           gamma          2.01828      0.000102862          1.85582        0.0784499        0.0338617        -0.540308         0.830124        -0.137702
         138947           gamma          0.82006      0.000102862          1.85582        0.0784499        0.0338617        0.0718859       -0.0831477         0.993941
         139615           gamma         0.585207      0.000107098         -2.24367         -1.91343        0.0183392        -0.124632         0.656285        -0.744148
         140729           gamma           1.3105      0.000102362        -0.140087          -2.4238        0.0408723         0.222626           0.6247        -0.748457
         140729           gamma           3.0218      0.000102362        -0.140087          -2.4238        0.0408723         0.345916         0.802609        -0.485964
         140729           gamma           1.3105      0.000102362        -0.140087          -2.4238        0.0408723         0.885349        -0.130913        -0.446116
         140729           gamma           3.0218      0.000102362        -0.140087          -2.4238        0.0408723        -0.811741        -0.469421        -0.347449
         140729           gamma           1.3105      0.000102362        -0.140087          -2.4238        0.0408723        -0.159827        -0.217803         0.962817
         140729           gamma           3.0218      0.000102362        -0.140087          -2.4238        0.0408723       -0.0819774        -0.924572        -0.372083
         140729           gamma            0.475      0.000102362        -0.140087          -2.4238        0.0408723         0.842501        -0.530204       -0.0952708
         140729           gamma            3.471      0.000102362        -0.140087          -2.4238        0.0408723        -0.628772        -0.552063         0.547606
         141940         neutron          1.72431      0.000100141        0.0561947         0.459342     -0.000163212        -0.257169       -0.0961439         0.961572
         141940           gamma         0.349237      0.000100141        0.0561947         0.459342     -0.000163212         0.907924        -0.348952         0.232178
         142317         neutron          2.05142      0.000119608          2.32327        -0.860429        0.0508464         0.862153       -0.0925919         0.498115
         142317         neutron          2.10202      0.000119608          2.32327        -0.860429        0.0508464       -0.0529816        -0.472048        -0.879979
         142317         neutron          3.20663      0.000119608          2.32327        -0.860429        0.0508464        0.0770267         0.485683         0.870735
         142809           gamma          2.25802      0.000100052        -0.281176         0.283597       0.00522918         0.949177       -0.0856988         0.302851
         143882         neutron          2.33249      0.000101236         -1.28135         -1.28211        0.0189847        -0.827907        -0.550459        -0.107541
         143882         neutron         0.635245      0.000101236         -1.28135         -1.28211        0.0189847        -0.998548        0.0537026        0.0042822
         143882           gamma         0.316572      0.000101236         -1.28135         -1.28211        0.0189847        -0.622288         0.150595         0.768166
         147933         neutron          0.46374      0.000105678         -2.41879        -0.814747       0.00430415          0.81095          0.31697         0.491823
         147933         neutron         0.709917      0.000105678         -2.41879        -0.814747       0.00430415         0.469041         0.592757         0.654706
         150100           gamma           2.6476      0.000129325        -0.107934          1.39529        0.0513655         0.453905        -0.819433             0.35
         151260           gamma          1.97758      0.000105403         -1.39338          2.00712        0.0315098        0.0790121        -0.961275          0.26402
         151697         neutron          1.44185      0.000101674         -1.51343          2.11219        0.0033589        -0.141467        -0.905953        -0.399044
         151697         neutron          1.33781      0.000101674         -1.51343          2.11219        0.0033589         0.854224        -0.173934        -0.489948
         151697           gamma          1.28843      0.000101674         -1.51343          2.11219        0.0033589        0.0782868        0.0424178        -0.996028
         152143           gamma         0.805484      0.000104383         0.355866         0.576635        0.0366987         0.821303       -0.0870624          0.56381
         155645         neutron          1.12994      0.000101663        -0.886511        -0.976899       0.00366194         -0.40468        -0.704863         0.582582
         155645           gamma          1.44653      0.000101663        -0.886511        -0.976899       0.00366194         0.623525        -0.748988         0.224131
         157838           gamma         0.475618      0.000106599          2.06969         0.574118        0.0252996         0.474925         0.843043         0.252438
         157838           gamma          3.43732      0.000106599          2.06969         0.574118        0.0252996       0.00761637          0.30333         0.952855
         159701         neutron         0.698846       0.00010011         0.577386          2.30203        0.0221907       -0.0781626         0.648609        -0.757097
         159701           gamma         0.238808       0.00010011         0.577386          2.30203        0.0221907         0.927826        -0.228675        -0.294697
         159701           gamma          1.23525       0.00010011         0.577386          2.30203        0.0221907        -0.428905        -0.888314        -0.164131
         159701           gamma          1.22348       0.00010011         0.577386          2.30203        0.0221907         0.086065        -0.910365         0.404757
         159701           gamma          1.04201       0.00010011         0.577386          2.30203        0.0221907         0.977917        -0.120643         0.170655
         161080         neutron          1.29602      0.000103712          1.19208         -1.57176        0.0391543        -0.324225        -0.896859         0.300869
         161080           gamma          1.77361      0.000103712          1.19208         -1.57176        0.0391543         0.419785         0.266651          0.86757
         164370           gamma         0.282847      0.000101287        -0.408497       -0.0982953        0.0422408         0.177551         0.971293        -0.158322
         164519         neutron         0.201854      0.000102399          0.85583         -1.22489         0.049539         0.365702        -0.379679        -0.849768
         164519           gamma          2.23862      0.000102399          0.85583         -1.22489         0.049539         0.119531        -0.780693         0.613377
         164519           gamma          2.19982      0.000102399          0.85583         -1.22489         0.049539        -0.907484        -0.066238         0.414831
         165186         neutron          1.18072      0.000101034         0.663976          1.17526         0.019499          0.31132         0.498516          0.80905
         165186         neutron          1.21563      0.000101034         0.663976          1.17526         0.019499        -0.722973         0.368733         0.584249
         165186           gamma         0.481567      0.000101034         0.663976          1.17526         0.019499         0.612946          0.73219        -0.296976
         167782           gamma              0.8      0.000100943         0.996235          2.26017        0.0214842        -0.750484         0.640051         0.164647
         167782           gamma         0.658427      0.000100943         0.996235          2.26017        0.0214842        -0.392214        -0.887109         -0.24332
         167782           gamma          1.33882      0.000100943         0.996235          2.26017        0.0214842         0.281516        -0.575961        -0.767475
         168211           gamma          3.69569      0.000100588         -1.50989          1.30785          0.03561        -0.684343        -0.197985         0.701766
         169680           gamma         0.785247      0.000101874        -0.450428         0.947349        0.0201393         0.462064         0.822935        -0.330566
         169786         neutron          1.40113      0.000104057          1.34765          2.38904       0.00980765        -0.350371          0.41172        -0.841265
         169786           gamma         0.833294      0.000104057          1.34765          2.38904       0.00980765         0.824925         0.498223         0.266969
         171904           gamma          2.53886      0.000110991          1.01572         0.116371        0.0503661         0.239403       0.00842938        -0.970884
         175646         neutron         0.285199      0.000101135         -1.31715        -0.760233        0.0242716         0.548437         0.230449          0.80381
         175646         neutron         0.120334      0.000101135         -1.31715        -0.760233        0.0242716         0.756311        -0.585019         0.292825
         176461           gamma          1.10068      0.000100696         -1.65948         -2.10545       0.00895781        -0.135366      -0.00098288        -0.990795
         178245           gamma         0.739457      1.04514e-08       -0.0399391          2.31133        0.0166401         0.818486         0.246559        -0.518932
         180109           gamma          1.99127      0.000102073          2.14646         -2.24128         0.016777        -0.309969         0.168955        -0.935614
         181870           gamma          0.80314      0.000100555          2.43787          2.15123         0.041052         0.953237        -0.249258        -0.170909
         187891           gamma          4.71061      0.000109568          1.08591         -2.50021        0.0451707        -0.593046       -0.0368258        -0.804326
         188637           gamma         0.809726      0.000102521          1.56445        -0.280587        0.0323415        -0.468162        -0.650159        -0.598429
         196233         neutron          1.04188      0.000102011        0.0771721        -0.162068        0.0205481        -0.156705         0.534592         0.830455
         196233           gamma          0.97394      0.000102011        0.0771721        -0.162068        0.0205481        -0.408389        -0.429805        -0.805287
         196233           gamma         0.492819      0.000102011        0.0771721        -0.162068        0.0205481        -0.369737        -0.216606         0.903536
         196359           gamma           2.2163      0.000100467          2.44593        -0.735419        0.0301944         0.233381         0.232737         0.944122
         198817         neutron         0.941965      0.000104468        -0.520677          1.16096        0.0485043        -0.326668        -0.182415        -0.927369
         198817         neutron         0.406243      0.000104468        -0.520677          1.16096        0.0485043        -0.876816         0.328533         0.351085
         199111           gamma         0.412142      0.000102205         -2.46124          1.87931       0.00941179        -0.111133        -0.971773         0.208102
         204675         neutron        0.0363853      0.000103007          2.41985          1.60057        0.0381427         0.171488        -0.895322        -0.411083
         205769           gamma          3.10662      0.000108304         0.810792         -0.61472        0.0258008        -0.686316         0.572947         0.447998
         205769           gamma          3.31376      0.000108304         0.810792         -0.61472        0.0258008        -0.865966        -0.491349       -0.0931654
         205875           gamma          0.48901      0.000102561         0.758142          1.40395       0.00941885        -0.383509        -0.922643       -0.0406321
         205875           gamma          3.16822      0.000102561         0.758142          1.40395       0.00941885         0.914523        -0.161874        -0.370735
         207165           gamma          2.21607      0.000105932          1.32916          2.23748         0.010087        -0.872589        -0.175729         0.455749
         208114         neutron         0.666632       0.00010284         -2.06003          2.44956        0.0455842         0.170879         0.204738        -0.963786
         208114           gamma          1.14307       0.00010284         -2.06003          2.44956        0.0455842        -0.219154         0.776059         0.591358
         209112         neutron          1.56368      0.000125674         -1.59973          1.15676        0.0511568       -0.0283718         0.835557         0.548671
         209112         neutron          1.51133      0.000125674         -1.59973          1.15676        0.0511568        -0.426923        -0.863504          0.26851
         209792         neutron          1.78281      0.000102798         0.593986        -0.165374        0.0169892         0.442279        -0.834831         -0.32779
         209792         neutron          1.16862      0.000102798         0.593986        -0.165374        0.0169892        -0.951579         0.198991        -0.234306
         212240         neutron         0.837801      0.000100833        0.0400776         -1.91262        0.0117011        -0.724393         0.640402        -0.255223
         215999         neutron         0.491313       0.00010096          1.23435         -1.33409        0.0111776         0.469438        -0.455131         0.756626
         219225         neutron         0.278479      0.000100993         0.168552        -0.930181        0.0452305        0.0143845        -0.823344          0.56736
         221595         neutron        0.0893083      0.000101309          0.95629         -1.87076        0.0265247          0.38957         0.121861         0.912899
         223879         neutron          1.72958       0.00010092         0.347635        -0.476637        0.0150033         0.719587         0.675801         0.159649
         223879           gamma          1.67589       0.00010092         0.347635        -0.476637        0.0150033        -0.799514        -0.599122        0.0427758
         224795         neutron          1.21384      0.000104099          1.11126          2.33674        0.0127954         0.717597        -0.027445         0.695917
         227283         neutron         0.167323      0.000100128         -2.33802        -0.580276       0.00286206          0.64283         0.763043       -0.0673392
         227733         neutron           1.5051      0.000105475          1.00466          1.65722        0.0258686        -0.433916       -0.0736046         0.897942
         228438         neutron         0.211169      0.000101208         0.994431         0.509811         0.022794        -0.332588        -0.943055       0.00566356
         228438           gamma         0.952982      0.000101208         0.994431         0.509811         0.022794          0.21685         0.337089        -0.916159
         231548           gamma          1.67979      0.000100721         0.614869         0.926109       0.00777779         0.805474        -0.272017         0.526515
         231548           gamma         0.943688      0.000100721         0.614869         0.926109       0.00777779        -0.491324         0.703859         0.513014
         235893           gamma          0.74838      0.000102025         -2.48773          1.06043        0.0433061         0.570282         0.342246         0.746757
         237379           gamma          2.20089      0.000100987         -1.56558         -1.62541        0.0328353       -0.0507424         0.981893         0.182516
         238447           gamma         0.771983      0.000100654         0.542032         0.686212       0.00199948          0.15774         0.531924          0.83197
         239583           gamma          3.86832      0.000106695         -1.61945         0.703899        0.0372682        0.0265845        -0.201205        -0.979188
         240084         neutron        0.0533328      0.000101355         -0.13371         -1.78019        0.0149117         0.180045        0.0975749        -0.978807
         240108           gamma          2.44864      0.000102999          2.03069           0.9903        0.0260426        -0.811333        -0.113151         -0.57353
         242297         neutron         0.487583      0.000100846          2.46345        -0.955767        0.0439131         0.352421        -0.454718        -0.817943
         243038         neutron          1.20282      1.43588e-08          1.22831         0.632699        0.0509123         0.365847        -0.898708         0.241828
         244917         neutron          1.84469       0.00010278        -0.736824          2.17593         0.022682        -0.665832        -0.558401         0.494829
         245315         neutron          3.99074      0.000107983         -2.28487        -0.401404        0.0504111         0.725044        -0.144271        -0.673422
         245315           gamma          2.79419      0.000107983         -2.28487        -0.401404        0.0504111        0.0301886         0.534232        -0.844799
         245315           gamma          3.66356      0.000107983         -2.28487        -0.401404        0.0504111        -0.758963        -0.546672          0.35373
         247587         neutron           0.1503      0.000103817          1.58157       -0.0539477       0.00953824         0.573546         0.771894        -0.274272
         247978           gamma         0.850277      0.000104445         0.614688        0.0670345        0.0419082        -0.322197        -0.174112        -0.930524
         250382         neutron          1.94651      0.000103561          1.81737          1.74627        0.0368348        -0.933496        -0.321571         0.158675
         250382           gamma          1.04321      0.000103561          1.81737          1.74627        0.0368348         0.442569         0.324972         0.835779
         251986           gamma         0.686139      0.000100319        -0.978373        -0.787693        0.0333751        -0.598381         0.789062        -0.139001
         252820         neutron          1.62199      0.000100265         -1.82306          2.09905        0.0484055        -0.731861         -0.65636        -0.183225
         252820           gamma           1.8229      0.000100265         -1.82306          2.09905        0.0484055        -0.624221         -0.72222        -0.297903
         252820           gamma         0.211626      0.000100265         -1.82306          2.09905        0.0484055         0.328356         0.285667         -0.90032
         254432         neutron         0.191593      0.000107033       -0.0526456         -2.27699        0.0431575        -0.243454        -0.938699        -0.244081
         254432         neutron         0.200025      0.000107033       -0.0526456         -2.27699        0.0431575        -0.137816        -0.158438         0.977704
         254432         neutron         0.320708      0.000107033       -0.0526456         -2.27699        0.0431575         0.644172           0.4014        -0.651092
         255530           gamma         0.347264      0.000103291           2.3466          1.79298        0.0121258        -0.523298         0.852089        0.0102079
         257597         neutron         0.220803      0.000107255         -2.34909          1.27952       0.00169334        -0.648824        -0.389682        -0.653586
         257597         neutron        0.0678333      0.000107255         -2.34909          1.27952       0.00169334         0.508703         -0.85994         0.041526
         257597         neutron        0.0488225      0.000107255         -2.34909          1.27952       0.00169334         0.855862         0.265549         0.443829
         257597         neutron        0.0354109      0.000107255         -2.34909          1.27952       0.00169334         0.138084        -0.633758        -0.761107
         258246         neutron       0.00424649      0.000100125         -1.37108         0.946144        0.0493865         0.196262         -0.14864         -0.96922
         258246         neutron       0.00951588      0.000100125         -1.37108         0.946144        0.0493865        -0.463145        -0.184505        -0.866865
         258246         neutron       0.00371188      0.000100125         -1.37108         0.946144        0.0493865        -0.140082        0.0865223        -0.986352
         259692           gamma          3.11302      0.000105563         -1.84872          1.80653        0.0240629        -0.858748        -0.204262        -0.469924
         260856         neutron         0.480469      0.000100065         -1.85107          2.05125        0.0311669        -0.857463         0.496431        -0.135326
         264860         neutron          0.90729      0.000139837          2.17588        -0.431884        0.0522912         0.652401         0.754413       -0.0723438
         267130         neutron         0.597804      0.000106759         -2.39796        0.0132216       0.00889685        -0.536179          0.82694         0.169357
         267130         neutron         0.254477      0.000106759         -2.39796        0.0132216       0.00889685         0.721388        -0.244447        -0.647955
         267147           gamma         0.157239      0.000100862          2.00095         -2.36334       0.00306729        -0.976201       0.00161773        -0.216863
         267353         neutron         0.125606       0.00010256          1.59211         -1.28126        0.0319554        -0.383735        -0.679307        -0.625531
         267353           gamma          5.49566       0.00010256          1.59211         -1.28126        0.0319554         0.674309       -0.0133085        -0.738329
         268313           gamma         0.654885      0.000100273         -0.14386           -0.431        0.0363181        -0.628581        -0.343331          0.69786
         268313           gamma          1.13399      0.000100273         -0.14386           -0.431        0.0363181        -0.596346        -0.569756         0.565464
         270469           gamma          3.47347      0.000101559        -0.449391           0.4912        0.0208606        -0.557047        -0.615448        -0.557604
         271227         neutron          0.36762      0.000100332          2.33809          1.32529        0.0493103        -0.955042          0.18398         0.232478
         271459           gamma          4.85903      0.000107988          1.39304         -1.75563        0.0379403         0.587631        0.0480923        -0.807698
         271459           gamma           1.0428      0.000107988          1.39304         -1.75563        0.0379403      -0.00147589        0.0108923          0.99994
         272025         neutron         0.523502      0.000100205          1.27049         -1.63882        0.0350863        -0.158571         0.156487        -0.974868
         272114         neutron        0.0828084      0.000101727         -1.28846        -0.795638        0.0464894        -0.418849         0.829733         0.368929
         276642         neutron          1.46618      0.000102436          2.12978          1.48894        0.0188296         0.660141        -0.599849          -0.4521
         276642         neutron          2.61982      0.000102436          2.12978          1.48894        0.0188296         0.253098        -0.556983        -0.791019
         276642           gamma         0.776177      0.000102436          2.12978          1.48894        0.0188296         0.895263           0.3644         0.256354
         276734           gamma          2.83483      0.000100728         -1.48498         0.679122        0.0495836         0.799444        0.0788453        -0.595545
         276734           gamma         0.364493      0.000100728         -1.48498         0.679122        0.0495836        -0.490073         0.446129        -0.748864
         277495           gamma         0.405036      0.000101485        -0.495058          1.50345        0.0122581        -0.544055         0.399086        -0.738061
         280280           gamma           1.3105      0.000100886        -0.453274         0.722934        0.0325328         0.716704        -0.419471        -0.557117
         280280           gamma           3.0218      0.000100886        -0.453274         0.722934        0.0325328         0.680662        -0.437959        -0.587275
         280280           gamma           1.3105      0.000100886        -0.453274         0.722934        0.0325328        -0.302833         0.166836        -0.938327
         280280           gamma           3.0218      0.000100886        -0.453274         0.722934        0.0325328        -0.903146        -0.403066         0.147871
         280280           gamma           1.3105      0.000100886        -0.453274         0.722934        0.0325328        -0.438012        0.0357926        -0.898256
         280280           gamma           3.0218      0.000100886        -0.453274         0.722934        0.0325328         -0.54434        -0.835644        0.0734398
         280280           gamma           1.3105      0.000100886        -0.453274         0.722934        0.0325328         0.437959        -0.860275        -0.260996
         280280           gamma           0.4218      0.000100886        -0.453274         0.722934        0.0325328         0.738881         0.174704         0.650795
         280280           gamma           2.4001      0.000100886        -0.453274         0.722934        0.0325328         0.113766         0.368669        -0.922573
         281903         neutron          1.63335      0.000100378         -2.30222           1.4301        0.0445619        0.0872206         0.328306         0.940536
         281903           gamma          2.07196      0.000100378         -2.30222           1.4301        0.0445619        -0.944485         0.288723         0.156801
         282914           gamma          2.77268      0.000154554         0.294276          1.77887        0.0510766        -0.692991         0.634134         0.342983
         282914           gamma          2.87521      0.000154554         0.294276          1.77887        0.0510766         0.338393        -0.335185        -0.879285
         284764           gamma          0.60987      0.000101087         -1.80291          1.58656        0.0112435        -0.746632         0.657801        0.0991879
         285952         neutron         0.734531      0.000102837           -1.501         -2.30452        0.0145838         0.885457         0.390769        -0.251526
         286112           gamma         0.347063      0.000100945        -0.162341        -0.445072        0.0127636       -0.0613375         0.997973        0.0169508
         288550         neutron          1.52065      0.000105371          2.13824          1.01589      -2.3607e-05         0.460738        -0.726425        -0.509928
         288550           gamma          7.04064      0.000105371          2.13824          1.01589      -2.3607e-05         0.025006        -0.635461         0.771728
         290883           gamma         0.496026       0.00010017          1.54261       -0.0417613       0.00254289        -0.338405         0.911261        -0.234702
         292609         neutron          0.42004      0.000101229        -0.544009         -2.23942        0.0351018        -0.860469       0.00130515           0.5095
         293343         neutron         0.451347      0.000101032         -1.75095          0.77035        0.0101792        0.0299455        -0.702552        -0.711002
         295902         neutron         0.155449        0.0001035        -0.546142           -2.472       0.00224569         -0.26126        -0.272737        -0.925936
         295902           gamma          1.25656        0.0001035        -0.546142           -2.472       0.00224569       -0.0272104         0.997446       -0.0660353
         295956         neutron          1.57161      0.000101788         -1.97652        -0.144191        0.0475684        0.0865298         0.784743         0.613752
         295956           gamma         0.939341      0.000101788         -1.97652        -0.144191        0.0475684        -0.871021        -0.162624        -0.463548
         299623           gamma          9.08476      0.000106956         0.586444         -2.30852       0.00282196         0.284687         0.576612         0.765815
         304907           gamma           1.3105      0.000103346         -2.27026          1.41513        0.0304439         0.612681        -0.114935        -0.781929
         304907           gamma           3.0218      0.000103346         -2.27026          1.41513        0.0304439        -0.496469         -0.58776        -0.638793
         304907           gamma           1.3105      0.000103346         -2.27026          1.41513        0.0304439        -0.219451        -0.873129        -0.435301
         304907           gamma           3.0218      0.000103346         -2.27026          1.41513        0.0304439         0.992657        0.0874599        0.0835595
         304907           gamma           1.3105      0.000103346         -2.27026          1.41513        0.0304439          0.25843        -0.579323         0.773045
         304907           gamma           3.0218      0.000103346         -2.27026          1.41513        0.0304439         0.247588        -0.958799         0.139299
         304907           gamma             0.97      0.000103346         -2.27026          1.41513        0.0304439        -0.295522        -0.643817        -0.705809
         304907           gamma           0.7624      0.000103346         -2.27026          1.41513        0.0304439         0.981363         0.183136       -0.0582002
         304907           gamma           0.9876      0.000103346         -2.27026          1.41513        0.0304439        -0.896148        -0.193026        -0.399575
         304907           gamma           1.1324      0.000103346         -2.27026          1.41513        0.0304439         0.103441         0.939551        -0.326411
         311806           gamma          5.67222      0.000101628         0.911346        -0.418824        0.0437084         0.795696        -0.430959         0.425607
         312077         neutron          1.41156      0.000102399         -1.85293           0.3309        0.0379626         0.494137         0.668298         0.556064
         314368           gamma          2.45488      0.000102476         -2.22787         -2.30447        0.0276808       -0.0300316        -0.706674         0.706902
         315126         neutron         0.487328      0.000102891        -0.639619          2.35827        0.0137196        0.0908147         0.342874        -0.934981
         315126           gamma           0.8928      0.000102891        -0.639619          2.35827        0.0137196         0.473753        -0.872781         0.117522
         321030         neutron         0.970736      0.000100624          1.37412         -1.41365        0.0217989         0.549336         0.302546         0.778907
         321030           gamma         0.378705      0.000100624          1.37412         -1.41365        0.0217989          0.91181        0.0573672         0.406586
         321658         neutron        0.0507511       0.00010533         -2.35249         -1.96598       0.00898977         0.700021         0.668935        -0.249995
         321658         neutron         0.706672       0.00010533         -2.35249         -1.96598       0.00898977         0.845236        -0.335451        -0.415991
         321658         neutron         0.370676       0.00010533         -2.35249         -1.96598       0.00898977         0.985626        0.0666264         0.155248
         327203           gamma         0.762575      1.02754e-12          1.27434          2.28769       0.00206299        -0.186401         -0.75154        -0.632805
         328357         neutron          1.19351      0.000104906         -1.30779         -2.41255       0.00800134         -0.67776         0.518967        -0.520878
         328588         neutron          0.80533      0.000101739          2.30792         0.997575       0.00280203         0.103763         0.319577        -0.941862
         329194         neutron          0.13196      0.000100165        -0.546156           0.2818       0.00040021        -0.779902         0.349551         0.519198
         329194         neutron         0.278285      0.000100165        -0.546156           0.2818       0.00040021        -0.818345         0.210324         0.534861
         329194           gamma          0.88201      0.000100165        -0.546156           0.2818       0.00040021          0.99173       -0.0753751        -0.103874
         329246           gamma          1.23096      0.000100258           2.3869         0.650099         0.027665        -0.352149         0.184419         0.917595
         332980         neutron         0.383708      0.000102223         -1.71791          1.59223       0.00812923         -0.46772        -0.336262         0.817414
         332980           gamma         0.101664      0.000102223         -1.71791          1.59223       0.00812923         0.225974        0.0009283         0.974133
         333601           gamma          1.89785      0.000100378         -2.40856         -2.10678        0.0458734        -0.902927        -0.424976       -0.0641696
         334464           gamma          2.60054      0.000103567          -1.3916        0.0780821        0.0231098        -0.818475       -0.0830773        -0.568504
         334464           gamma         0.352045      0.000103567          -1.3916        0.0780821        0.0231098        -0.830224         0.467399        -0.303754
         336505           gamma           1.4476      0.000106434         0.221246          2.42509       0.00454349        -0.474605         -0.36758         0.799772
         338503         neutron          3.21311      0.000109417         0.595398         -2.47334        0.0501779         -0.59121         0.481821        -0.646776
         338503         neutron          0.13286      0.000109417         0.595398         -2.47334        0.0501779       -0.0979044        -0.123051        -0.987559
         338503           gamma          1.87007      0.000109417         0.595398         -2.47334        0.0501779          0.99666         0.035702        0.0734503
         339332           gamma         0.262634      0.000100986          1.29464        -0.427779       0.00099778         0.643213      -0.00905742         0.765634
         341717         neutron         0.171506      0.000103379          2.05523         -1.97093         0.034508         -0.20059        -0.874992        -0.440628
         341717           gamma          1.70376      0.000103379          2.05523         -1.97093         0.034508           0.4546         0.101555         0.884887
         346216         neutron         0.676511      0.000104782        -0.824559         -2.31189        0.0132382         0.327408          0.66949         0.666774
         346216           gamma         0.612331      0.000104782        -0.824559         -2.31189        0.0132382          0.53206         0.339688         -0.77558
         346216           gamma          0.51112      0.000104782        -0.824559         -2.31189        0.0132382         0.392182        -0.700704        -0.595993
         346223         neutron          2.57442      0.000118287         -1.13043        -0.487224        0.0507097        -0.830183        -0.200906        -0.520031
         346223         neutron          1.23271      0.000118287         -1.13043        -0.487224        0.0507097         -0.58999         0.729358         0.346336
         346223         neutron          3.16361      0.000118287         -1.13043        -0.487224        0.0507097        -0.573891         0.461819         0.676293
         346223           gamma          1.68553      0.000118287         -1.13043        -0.487224        0.0507097         0.694608         0.619274         0.366087
         347576           gamma           0.7021      0.000100689        -0.503898        -0.988922        0.0405342         0.287092         0.853563        -0.434751
         347605           gamma          1.24289      0.000106378          1.05284        -0.496791        0.0274843        -0.181991          0.20563        -0.961559
         348386         neutron         0.111418      0.000104058         0.734441          2.17527        0.0046953        -0.857747        -0.311487         0.408958
         348386         neutron          1.39219      0.000104058         0.734441          2.17527        0.0046953         0.461708         0.864913        -0.196854
         348847         neutron         0.996903      0.000102301        -0.105402           1.1439       0.00970665        -0.377809       -0.0791038         0.922498
         349904           gamma           2.4545      0.000101351          2.13304         -0.56282       0.00624236        -0.474491        -0.873526        -0.108682
         350971           gamma          0.46084      0.000104403         -1.80696        -0.301973        0.0326125       0.00381414        -0.993953        -0.109743
         356523           gamma          2.05433       0.00010086        -0.143267        -0.556631        0.0229104         -0.14239         0.339522         0.929758
         357422         neutron         0.480225      0.000100227          1.49087         -1.54279        0.0306868         0.316344        -0.947477        0.0470478
         357775           gamma          0.34689      0.000101839         0.803577          1.80478        0.0244204        0.0243089        -0.951307        -0.307286
         357775           gamma          1.34326      0.000101839         0.803577          1.80478        0.0244204        0.0726733        -0.825091        -0.560307
         359047         neutron         0.261178      1.55481e-08        -0.788083        -0.882171        0.0519606        -0.865291        -0.473976         -0.16315
         361133         neutron         0.979005      0.000102627         0.245796       0.00358923        0.0457585        -0.115181        -0.839028        -0.531756
         361133         neutron          1.08759      0.000102627         0.245796       0.00358923        0.0457585      -0.00712374          0.97692        -0.213489
         361793         neutron           1.7195      0.000123928         -1.70058          2.27178        0.0506858        -0.580411        -0.795853         0.172458
         369378           gamma          3.50052      0.000106522        -0.548096          2.32773        0.0173178          0.40984         0.523431         0.747028
         369599         neutron         0.253458      0.000103764         -1.90181         -1.99297        0.0133299        -0.354532        -0.407025        -0.841806
         371999         neutron         0.931023       0.00010348         -2.44138        -0.393335        0.0229963        -0.877279       -0.0836662         0.472633
         372590           gamma          2.01624       0.00010405          1.69081         -2.34017        0.0379554         0.112014        -0.825811         -0.55271
         372641           gamma          3.02053      0.000103582          2.46585         -2.42517          0.03854        -0.732103         0.673365         0.102978
         377574         neutron         0.372088      0.000102108        -0.961499          0.85943       0.00955824        -0.211158        -0.315285         0.925207
         382166         neutron          1.11426      0.000103721         -1.21095        -0.116156        0.0147323        -0.932024        -0.361619       -0.0237164
         382166         neutron         0.500012      0.000103721         -1.21095        -0.116156        0.0147323         0.820628        -0.319692         0.473673
         382166           gamma          1.85648      0.000103721         -1.21095        -0.116156        0.0147323        -0.844358         0.516795         0.141361
         382166           gamma          0.65047      0.000103721         -1.21095        -0.116156        0.0147323        -0.437838        -0.420588        -0.794609
         383027           gamma         0.316594      0.000101877         -1.82768         -1.31104         0.032282        -0.838093        -0.193911           0.5099
         383767         neutron          1.25873      0.000105533        -0.687669        -0.116434        0.0282477        -0.784626         -0.61922        0.0304668
         383767         neutron         0.537609      0.000105533        -0.687669        -0.116434        0.0282477         -0.14941         0.750062          0.64427
         384279         neutron         0.268253      0.000100802         -1.02395         -1.98351        0.0435762         0.895391        -0.365972         -0.25365
         385721         neutron          2.29061      0.000100094         0.151501         -2.14606        0.0385833         -0.17199         0.608629        -0.774591
         385721           gamma         0.781877      0.000100094         0.151501         -2.14606        0.0385833           0.4483         0.851842          0.27091
         385931         neutron         0.738936       0.00010143          2.01714        -0.668696        0.0143734         0.828793         0.516874         0.214343
         385931           gamma          1.53192       0.00010143          2.01714        -0.668696        0.0143734        -0.319071        -0.601935          0.73203
         385931           gamma           0.3739       0.00010143          2.01714        -0.668696        0.0143734         0.250112       -0.0865122        -0.964344
         392289         neutron          0.48059      0.000105893         -1.44898         0.620031        0.0187988         0.509979        -0.460949         0.726256
         392289         neutron          1.00658      0.000105893         -1.44898         0.620031        0.0187988         0.214234       -0.0350086         0.976155
         392289           gamma         0.696911      0.000105893         -1.44898         0.620031        0.0187988         0.262428        -0.785645        -0.560263
         394137         neutron         0.333443      0.000100435         0.932865         -1.68019        0.0367997         0.621267         0.633084         0.461771
         394555           gamma          8.63927      0.000106559         -2.19747         -2.00854        0.0142292          0.66201         0.242722         0.709104
         395918         neutron         0.978509      0.000104866         0.163045          1.17378        0.0462147        -0.499075        -0.820359         0.279169
         396009         neutron          1.19049      0.000100289         -1.59135          0.77243        0.0382593          0.92924         0.369405       0.00729513
         396009         neutron          1.52888      0.000100289         -1.59135          0.77243        0.0382593        -0.426784          0.48461          0.76355
         396009         neutron          1.99334      0.000100289         -1.59135          0.77243        0.0382593         0.543211         0.814373        -0.204251
         396009           gamma          1.16393      0.000100289         -1.59135          0.77243        0.0382593         0.572136          0.24473         0.782795
         396009           gamma         0.831087      0.000100289         -1.59135          0.77243        0.0382593        0.0981532         0.992459         0.073429
         399649           gamma          3.54759      0.000103271        -0.843771          2.42388         0.023516        -0.708915         0.555702        -0.434322
         401721         neutron         0.684317       0.00010562         -2.39358         -1.96572        0.0419836         0.777531         0.326524        -0.537427
         401721           gamma           1.2086       0.00010562         -2.39358         -1.96572        0.0419836        -0.349462         0.915005        -0.201597
         402201         neutron         0.402048      0.000103413         -2.40238           1.2766        0.0139386         0.264075         -0.83823         0.477111
         404126         neutron         0.130105      0.000104558          1.17223          1.18546       0.00332981       -0.0141884          0.99966       -0.0218693
         404629         neutron          1.54485      0.000101266        -0.757658          1.10824        0.0474711        -0.754628        -0.600221         0.265087
         405313         neutron         0.630434      0.000104051          0.33715          0.83626        0.0051818        -0.272202         0.647524        -0.711772
         405313         neutron          1.02685      0.000104051          0.33715          0.83626        0.0051818         0.467285         0.541412         0.698941
         405313           gamma         0.485473      0.000104051          0.33715          0.83626        0.0051818           0.7132        -0.426344        -0.556396
         405713         neutron        0.0360234      0.000104913         -2.36891          2.31554        0.0294988         0.758053         0.227141        -0.611362
         405713         neutron        0.0421885      0.000104913         -2.36891          2.31554        0.0294988        -0.535566         -0.53982         0.649433
         406933           gamma          1.14582      0.000105619          1.27999         -1.95867        0.0420913         0.160993         0.379847         0.910932
         408319         neutron         0.265813        0.0001004         0.142681         0.882659        0.0457147        -0.760485         0.116907         0.638745
         408319           gamma         0.958615        0.0001004         0.142681         0.882659        0.0457147        -0.962442         -0.16501        -0.215585
         416024         neutron         0.538811      0.000104891         0.964675      -0.00105082        0.0133103        -0.059026       -0.0608121         0.996402
         417387           gamma          1.88168      0.000103377        -0.771352           1.1379       0.00988142        -0.535893        -0.728093         0.427434
         421251           gamma         0.601159      0.000100044         0.463221         -1.75495        0.0430199        -0.170878        -0.739467        -0.651145
         424588         neutron        0.0226201      0.000100102       -0.0837553         0.527989        0.0227116        -0.203637        -0.978678       -0.0268706
         425660         neutron         0.383141      0.000102606          1.89007         0.947086        0.0491095        -0.583681        -0.658156         0.475549
         425859         neutron         0.288936      0.000100501         -1.50483          1.19566        0.0473547        -0.836914         0.519802        -0.171406
         425859         neutron         0.786338      0.000100501         -1.50483          1.19566        0.0473547         0.926243        -0.282881         0.249102
         425859           gamma          1.19468      0.000100501         -1.50483          1.19566        0.0473547         0.498722        -0.340895         0.796911
         426921           gamma          0.75685      0.000100662          1.65455          1.35726        0.0474717         0.986273         0.136626        0.0927251
         427972         neutron         0.304367      0.000100997          1.80737        0.0180559       0.00841586        -0.115724        -0.564027         0.817607
         427972         neutron          0.25347      0.000100997          1.80737        0.0180559       0.00841586       -0.0502627         0.400943         0.914723
         427972           gamma          1.04303      0.000100997          1.80737        0.0180559       0.00841586        -0.499273         0.745437        -0.441645
         428930         neutron         0.819674      0.000118742         -2.00976        -0.551307        0.0508833         -0.25576        -0.827258         0.500231
         428930           gamma          2.16715      0.000118742         -2.00976        -0.551307        0.0508833         0.267823        -0.271738         0.924353
         431426           gamma         0.186622      0.000105885          1.08859         -1.83612        0.0269025        -0.626157        -0.777696        0.0558203
         432558           gamma           0.2684       0.00010187         0.269086        -0.826009       0.00584203         0.345616         0.825236        -0.446694
         437518         neutron         0.198814      0.000101396         0.270815         -1.56872        0.0086316         0.568661        -0.813619         0.121037
         437729           gamma          7.51624      0.000107847          2.27965        -0.704955       0.00623553         0.482867         0.871881       -0.0816267
         437839         neutron          1.14864       0.00010424         -1.72347         0.137921        0.0207083         -0.57913           0.4638         0.670446
         443324         neutron          1.13748      0.000106187        -0.769904         -1.47795        0.0500938        -0.412671        -0.866069        -0.282185
         443324         neutron          3.17808      0.000106187        -0.769904         -1.47795        0.0500938        -0.243557         0.365073         0.898555
         447971         neutron         0.709438      0.000100348         -1.89324         -1.11882       0.00622727        -0.726897        -0.583636        -0.361926
         447971           gamma         0.200025      0.000100348         -1.89324         -1.11882       0.00622727         0.105999        -0.978345         0.177781
         448576           gamma         0.777487      0.000101749          -1.0425        0.0249968       0.00394749         0.944674         0.323584        0.0536976
         448742           gamma          2.98232      1.05195e-08         -1.33165          1.46009         0.032016         -0.58626         0.529221        -0.613371
         449601         neutron         0.107841      0.000103917          2.47044          1.31499        0.0381586         0.283938         0.471387        -0.834969
         449765         neutron          1.96198      0.000101047         0.514199         0.842391        0.0418967        -0.792113        -0.155968         0.590111
         449765           gamma          1.23552      0.000101047         0.514199         0.842391        0.0418967         0.495851        -0.309302        -0.811458
         449765           gamma         0.539542      0.000101047         0.514199         0.842391        0.0418967         0.133093        -0.740067        -0.659233
         450799           gamma           1.3354      0.000103427         0.331325        -0.581552        0.0341762        -0.315651        -0.706786         0.633102
         451835         neutron          1.27088      0.000100296         -1.88183        -0.724004        0.0137046        -0.494692         0.649174          -0.5778
         451869         neutron         0.602129      0.000103033         -1.90285          2.42072        0.0133058         0.165105        -0.633251        -0.756131
         451869           gamma          1.13983      0.000103033         -1.90285          2.42072        0.0133058        -0.731413         0.632514        -0.254873
         451869           gamma         0.960551      0.000103033         -1.90285          2.42072        0.0133058         0.112374          0.98558        -0.126509
         453979         neutron          1.98924      0.000100223        -0.140887          1.88284         0.031948        -0.845818        -0.100032         -0.52401
         453979         neutron         0.572693      0.000100223        -0.140887          1.88284         0.031948        -0.653114          0.60102         -0.46067
         453979           gamma         0.707506      0.000100223        -0.140887          1.88284         0.031948        -0.423268        -0.871817        -0.246536
         454913         neutron          1.71319      0.000102194       -0.0753582         0.851655        0.0244193         0.238714         0.144284         0.960311
         454913           gamma          1.82526      0.000102194       -0.0753582         0.851655        0.0244193        -0.410051        -0.114996         0.904784
         461513         neutron         0.361275      0.000103059        -0.137754         -1.76507        0.0242907         0.436439        -0.615358        -0.656396
         461767         neutron          0.78178      0.000165556          2.02182         0.857823        0.0515568      -0.00566606        -0.322971        -0.946392
         462604         neutron          1.14119      0.000102122           2.0939         -1.72544        0.0363319        -0.323087        -0.313583        -0.892906
         462604         neutron          1.80755      0.000102122           2.0939         -1.72544        0.0363319        -0.886924        0.0119736         -0.46176
         462604         neutron         0.468409      0.000102122           2.0939         -1.72544        0.0363319          0.91093       -0.0278305        -0.411622
         462604         neutron         0.692773      0.000102122           2.0939         -1.72544        0.0363319         0.920413          0.17507         0.349559
         462604           gamma          1.32009      0.000102122           2.0939         -1.72544        0.0363319         0.575212        -0.733785         0.361513
         463286         neutron         0.057438      0.000107083         -1.36246         0.264098       0.00215416        -0.810602       -0.0919603        -0.578332
         463286         neutron         0.091848      0.000107083         -1.36246         0.264098       0.00215416        -0.585908         0.713862         0.383552
         464863         neutron         0.550249      0.000100206          0.94919          2.01381       0.00780582         0.137479        -0.336801         0.931485
         470426         neutron          0.30036      0.000100147          1.14848          -1.0354        0.0185248       -0.0400758         0.997418       -0.0595909
         470426         neutron         0.921093      0.000100147          1.14848          -1.0354        0.0185248        -0.279379        -0.551084        -0.786291
         470426           gamma         0.792854      0.000100147          1.14848          -1.0354        0.0185248       -0.0767716        -0.824716         0.560313
         471889         neutron          0.07701      0.000101638         -1.90526          2.37299       0.00694507        -0.834919         0.526862        -0.159142
         472172           gamma          1.80266      0.000128387          2.48717          2.44536        0.0517109          0.47301         0.368792         0.800159
         473523         neutron          1.42583      0.000102234         0.955148          1.94222       0.00138359        -0.312156        -0.494718         0.811056
         473523         neutron          1.40483      0.000102234         0.955148          1.94222       0.00138359        -0.683187         0.718571          0.13004
         473523           gamma          1.05541      0.000102234         0.955148          1.94222       0.00138359        -0.678783         0.090074         0.728793
         473523           gamma         0.752672      0.000102234         0.955148          1.94222       0.00138359       -0.0722336        -0.977553         0.197923
         476775           gamma          1.29739      0.000100875         -1.01807        -0.400842          0.03295        -0.226981        -0.954034         0.195702
         476775           gamma          1.73566      0.000100875         -1.01807        -0.400842          0.03295         0.935702         0.346673       -0.0654262
         477404           gamma         0.481798      1.05249e-08         -2.29136         -1.73778        0.0139127        -0.638816         0.759778          0.12104
         479465         neutron         0.295372      0.000102152          -1.6377         0.244856         0.036347         0.199427        -0.555914        -0.806963
         479465           gamma         0.971225      0.000102152          -1.6377         0.244856         0.036347        -0.458998         0.749984         0.476283
         480180         neutron          2.30738      0.000100454          2.13589        -0.128907       0.00383494         0.849437         0.450056        -0.275511
         480180         neutron         0.772978      0.000100454          2.13589        -0.128907       0.00383494        -0.312929        -0.906962         -0.28195
         480335         neutron         0.409989       0.00010178        -0.243551         -2.31471        0.0112526        -0.859592        -0.294125         0.417843
         480335           gamma          2.32248       0.00010178        -0.243551         -2.31471        0.0112526        -0.203588        -0.389076        -0.898427
         480335           gamma          1.23964       0.00010178        -0.243551         -2.31471        0.0112526         0.171868         0.977948         0.118658
         481071           gamma          3.75193      0.000100994          2.20477         -2.42173        0.0297614        -0.345138        -0.227867         -0.91047
         484426           gamma          2.14417       0.00010434         0.498712          2.32627        0.0472742         0.695442        -0.650435        -0.305441
         486129           gamma         0.678576      0.000102592        -0.757194          1.31029        0.0113573         0.201863        -0.961993         0.183906
         486970           gamma          2.67648       0.00010418         0.480884          1.91656        0.0333387         0.876798        -0.238971        -0.417274
         486970           gamma          0.36677       0.00010418         0.480884          1.91656        0.0333387        -0.589443        0.0674669        -0.804988
         488767         neutron         0.243318      0.000101119         -1.85597          2.34477        0.0248455         0.211447         0.788407         0.577671
         492737         neutron         0.634935      0.000105108        -0.116968         -2.12938        0.0190438         -0.70249         0.692039           0.1661
         492737         neutron          1.13343      0.000105108        -0.116968         -2.12938        0.0190438         0.836999        -0.295876        -0.460315
         492737           gamma         0.364506      0.000105108        -0.116968         -2.12938        0.0190438        -0.402675        -0.626632         0.667222
         493980         neutron         0.928277      0.000106015         -2.31119          2.04166        0.0396572         0.187522        -0.184188         0.964837
         493980         neutron         0.111964      0.000106015         -2.31119          2.04166        0.0396572         0.785565        -0.604171         0.133662
         494295         neutron         0.675359      0.000110255          1.87695        -0.563972        0.0502368         0.570345         0.644387        -0.509385
         495411           gamma          1.95274      0.000101386          2.38308          2.41869        0.0175312        -0.282707        -0.443101         0.850728
         497811         neutron         0.689561      0.000105731        -0.800285          -2.4306          0.02721          0.99866        0.0517394      0.000936423
         497811           gamma         0.674198      0.000105731        -0.800285          -2.4306          0.02721         0.109765        -0.232921        -0.966281
